<?xml version="1.0" encoding="UTF-8"?>
<testsuite name="인증 관련 기능" tests="5" skipped="0" failures="0" errors="0" timestamp="2022-08-09T07:05:30" hostname="bagseeun-ui-MacBookPro.local" time="8.117">
  <properties/>
  <testcase name="Bearer Auth 로그인 실패 - 일치하지 않는 비밀번호" classname="woowacourse.auth.acceptance.AuthAcceptanceTest" time="3.586"/>
  <testcase name="Bearer Auth 로그인 성공" classname="woowacourse.auth.acceptance.AuthAcceptanceTest" time="1.33"/>
  <testcase name="유효하지 않은 토큰을 사용하여 내 정보를 조회하면 요청이 거부된다." classname="woowacourse.auth.acceptance.AuthAcceptanceTest" time="1.048"/>
  <testcase name="헤더에 Authorization 필드를 넘겨주지 않고 내 정보를 조회하면 요청이 거부된다." classname="woowacourse.auth.acceptance.AuthAcceptanceTest" time="1.212"/>
  <testcase name="Bearer Auth 로그인 실패 - 존재하지 않는 이메일" classname="woowacourse.auth.acceptance.AuthAcceptanceTest" time="0.859"/>
  <system-out><![CDATA[2022-08-09 16:05:28.143  INFO 72414 --- [    Test worker] .b.t.c.SpringBootTestContextBootstrapper : Neither @ContextConfiguration nor @ContextHierarchy found for test class [woowacourse.auth.acceptance.AuthAcceptanceTest], using SpringBootContextLoader
2022-08-09 16:05:28.146  INFO 72414 --- [    Test worker] o.s.t.c.support.AbstractContextLoader    : Could not detect default resource locations for test class [woowacourse.auth.acceptance.AuthAcceptanceTest]: no resource found for suffixes {-context.xml, Context.groovy}.
2022-08-09 16:05:28.147  INFO 72414 --- [    Test worker] t.c.s.AnnotationConfigContextLoaderUtils : Could not detect default configuration classes for test class [woowacourse.auth.acceptance.AuthAcceptanceTest]: AuthAcceptanceTest does not declare any static, non-private, non-final, nested classes annotated with @Configuration.
2022-08-09 16:05:28.183  INFO 72414 --- [    Test worker] .b.t.c.SpringBootTestContextBootstrapper : Found @SpringBootConfiguration woowacourse.Application for test class woowacourse.auth.acceptance.AuthAcceptanceTest
2022-08-09 16:05:28.197  INFO 72414 --- [    Test worker] .b.t.c.SpringBootTestContextBootstrapper : Loaded default TestExecutionListener class names from location [META-INF/spring.factories]: [org.springframework.boot.test.autoconfigure.restdocs.RestDocsTestExecutionListener, org.springframework.boot.test.autoconfigure.web.client.MockRestServiceServerResetTestExecutionListener, org.springframework.boot.test.autoconfigure.web.servlet.MockMvcPrintOnlyOnFailureTestExecutionListener, org.springframework.boot.test.autoconfigure.web.servlet.WebDriverTestExecutionListener, org.springframework.boot.test.autoconfigure.webservices.client.MockWebServiceServerTestExecutionListener, org.springframework.boot.test.mock.mockito.MockitoTestExecutionListener, org.springframework.boot.test.mock.mockito.ResetMocksTestExecutionListener, org.springframework.test.context.web.ServletTestExecutionListener, org.springframework.test.context.support.DirtiesContextBeforeModesTestExecutionListener, org.springframework.test.context.event.ApplicationEventsTestExecutionListener, org.springframework.test.context.support.DependencyInjectionTestExecutionListener, org.springframework.test.context.support.DirtiesContextTestExecutionListener, org.springframework.test.context.transaction.TransactionalTestExecutionListener, org.springframework.test.context.jdbc.SqlScriptsTestExecutionListener, org.springframework.test.context.event.EventPublishingTestExecutionListener]
2022-08-09 16:05:28.197  INFO 72414 --- [    Test worker] .b.t.c.SpringBootTestContextBootstrapper : Using TestExecutionListeners: [org.springframework.test.context.web.ServletTestExecutionListener@35e2a258, org.springframework.test.context.support.DirtiesContextBeforeModesTestExecutionListener@27ec7942, org.springframework.test.context.event.ApplicationEventsTestExecutionListener@4ffb9d2f, org.springframework.boot.test.mock.mockito.MockitoTestExecutionListener@5ae16ea4, org.springframework.boot.test.autoconfigure.SpringBootDependencyInjectionTestExecutionListener@7a31e7c2, org.springframework.test.context.support.DirtiesContextTestExecutionListener@3e53b7af, org.springframework.test.context.transaction.TransactionalTestExecutionListener@2d5257af, org.springframework.test.context.jdbc.SqlScriptsTestExecutionListener@7c1798ef, org.springframework.test.context.event.EventPublishingTestExecutionListener@96d6f58, org.springframework.boot.test.autoconfigure.restdocs.RestDocsTestExecutionListener@2aa04f15, org.springframework.boot.test.autoconfigure.web.client.MockRestServiceServerResetTestExecutionListener@15708ac1, org.springframework.boot.test.autoconfigure.web.servlet.MockMvcPrintOnlyOnFailureTestExecutionListener@5560b860, org.springframework.boot.test.autoconfigure.web.servlet.WebDriverTestExecutionListener@37151a3b, org.springframework.boot.test.autoconfigure.webservices.client.MockWebServiceServerTestExecutionListener@1fe5332b, org.springframework.boot.test.mock.mockito.ResetMocksTestExecutionListener@e528494]

  .   ____          _            __ _ _
 /\\ / ___'_ __ _ _(_)_ __  __ _ \ \ \ \
( ( )\___ | '_ | '_| | '_ \/ _` | \ \ \ \
 \\/  ___)| |_)| | | | | || (_| |  ) ) ) )
  '  |____| .__|_| |_|_| |_\__, | / / / /
 =========|_|==============|___/=/_/_/_/
 :: Spring Boot ::                (v2.6.6)

2022-08-09 16:05:28.309  INFO 72414 --- [    Test worker] w.auth.acceptance.AuthAcceptanceTest     : Starting AuthAcceptanceTest using Java 15.0.7 on bagseeun-ui-MacBookPro.local with PID 72414 (started by parkseeun in /Users/parkseeun/Develop/woowacourse/level-3/sonar-cloud)
2022-08-09 16:05:28.309  INFO 72414 --- [    Test worker] w.auth.acceptance.AuthAcceptanceTest     : The following 1 profile is active: "test"
2022-08-09 16:05:29.167  INFO 72414 --- [    Test worker] o.s.b.w.embedded.tomcat.TomcatWebServer  : Tomcat initialized with port(s): 0 (http)
2022-08-09 16:05:29.180  INFO 72414 --- [    Test worker] o.apache.catalina.core.StandardService   : Starting service [Tomcat]
2022-08-09 16:05:29.181  INFO 72414 --- [    Test worker] org.apache.catalina.core.StandardEngine  : Starting Servlet engine: [Apache Tomcat/9.0.60]
2022-08-09 16:05:29.368  INFO 72414 --- [    Test worker] o.a.c.c.C.[Tomcat].[localhost].[/]       : Initializing Spring embedded WebApplicationContext
2022-08-09 16:05:29.369  INFO 72414 --- [    Test worker] w.s.c.ServletWebServerApplicationContext : Root WebApplicationContext: initialization completed in 1056 ms
2022-08-09 16:05:29.546  INFO 72414 --- [    Test worker] com.zaxxer.hikari.HikariDataSource       : HikariPool-2 - Starting...
2022-08-09 16:05:29.554  INFO 72414 --- [    Test worker] com.zaxxer.hikari.HikariDataSource       : HikariPool-2 - Start completed.
2022-08-09 16:05:30.591  INFO 72414 --- [    Test worker] o.s.b.w.embedded.tomcat.TomcatWebServer  : Tomcat started on port(s): 60900 (http) with context path ''
2022-08-09 16:05:30.604  INFO 72414 --- [    Test worker] w.auth.acceptance.AuthAcceptanceTest     : Started AuthAcceptanceTest in 2.401 seconds (JVM running for 10.96)
2022-08-09 16:05:30.685  INFO 72414 --- [    Test worker] com.zaxxer.hikari.HikariDataSource       : HikariPool-2 - Shutdown initiated...
2022-08-09 16:05:30.690  INFO 72414 --- [    Test worker] com.zaxxer.hikari.HikariDataSource       : HikariPool-2 - Shutdown completed.

  .   ____          _            __ _ _
 /\\ / ___'_ __ _ _(_)_ __  __ _ \ \ \ \
( ( )\___ | '_ | '_| | '_ \/ _` | \ \ \ \
 \\/  ___)| |_)| | | | | || (_| |  ) ) ) )
  '  |____| .__|_| |_|_| |_\__, | / / / /
 =========|_|==============|___/=/_/_/_/
 :: Spring Boot ::                (v2.6.6)

2022-08-09 16:05:30.849  INFO 72414 --- [    Test worker] w.auth.acceptance.AuthAcceptanceTest     : Starting AuthAcceptanceTest using Java 15.0.7 on bagseeun-ui-MacBookPro.local with PID 72414 (started by parkseeun in /Users/parkseeun/Develop/woowacourse/level-3/sonar-cloud)
2022-08-09 16:05:30.850  INFO 72414 --- [    Test worker] w.auth.acceptance.AuthAcceptanceTest     : The following 1 profile is active: "test"
2022-08-09 16:05:31.434  INFO 72414 --- [    Test worker] o.s.b.w.embedded.tomcat.TomcatWebServer  : Tomcat initialized with port(s): 0 (http)
2022-08-09 16:05:31.438  INFO 72414 --- [    Test worker] o.apache.catalina.core.StandardService   : Starting service [Tomcat]
2022-08-09 16:05:31.438  INFO 72414 --- [    Test worker] org.apache.catalina.core.StandardEngine  : Starting Servlet engine: [Apache Tomcat/9.0.60]
2022-08-09 16:05:31.460  INFO 72414 --- [    Test worker] o.a.c.c.C.[Tomcat].[localhost].[/]       : Initializing Spring embedded WebApplicationContext
2022-08-09 16:05:31.462  INFO 72414 --- [    Test worker] w.s.c.ServletWebServerApplicationContext : Root WebApplicationContext: initialization completed in 596 ms
2022-08-09 16:05:31.538  INFO 72414 --- [    Test worker] com.zaxxer.hikari.HikariDataSource       : HikariPool-3 - Starting...
2022-08-09 16:05:31.544  INFO 72414 --- [    Test worker] com.zaxxer.hikari.HikariDataSource       : HikariPool-3 - Start completed.
2022-08-09 16:05:32.096  INFO 72414 --- [    Test worker] o.s.b.w.embedded.tomcat.TomcatWebServer  : Tomcat started on port(s): 60902 (http) with context path ''
2022-08-09 16:05:32.105  INFO 72414 --- [    Test worker] w.auth.acceptance.AuthAcceptanceTest     : Started AuthAcceptanceTest in 1.407 seconds (JVM running for 12.461)
Request method:	POST
Request URI:	http://localhost:60902/api/customer
Proxy:			<none>
Request params:	<none>
Query params:	<none>
Form params:	<none>
Path params:	<none>
Headers:		Accept=*/*
				Content-Type=application/json
Cookies:		<none>
Multiparts:		<none>
Body:
{
    "name": "클레이",
    "email": "djwhy5510@naver.com",
    "password": "12345678"
}
2022-08-09 16:05:33.664  INFO 72414 --- [o-auto-2-exec-1] o.a.c.c.C.[Tomcat].[localhost].[/]       : Initializing Spring DispatcherServlet 'dispatcherServlet'
2022-08-09 16:05:33.665  INFO 72414 --- [o-auto-2-exec-1] o.s.web.servlet.DispatcherServlet        : Initializing Servlet 'dispatcherServlet'
2022-08-09 16:05:33.671  INFO 72414 --- [o-auto-2-exec-1] o.s.web.servlet.DispatcherServlet        : Completed initialization in 5 ms
HTTP/1.1 201 
Vary: Origin
Vary: Access-Control-Request-Method
Vary: Access-Control-Request-Headers
Content-Length: 0
Date: Tue, 09 Aug 2022 07:05:33 GMT
Keep-Alive: timeout=60
Connection: keep-alive
Request method:	POST
Request URI:	http://localhost:60902/api/login
Proxy:			<none>
Request params:	<none>
Query params:	<none>
Form params:	<none>
Path params:	<none>
Headers:		Accept=application/json
				Content-Type=application/json
Cookies:		<none>
Multiparts:		<none>
Body:
{
    "name": "클레이",
    "email": "djwhy5510@naver.com",
    "password": "1111111111"
}
HTTP/1.1 400 
Vary: Origin
Vary: Access-Control-Request-Method
Vary: Access-Control-Request-Headers
Content-Type: application/json
Transfer-Encoding: chunked
Date: Tue, 09 Aug 2022 07:05:33 GMT
Connection: close

{
    "message": "비밀번호가 일치하지 않습니다."
}
2022-08-09 16:05:34.336  INFO 72414 --- [    Test worker] com.zaxxer.hikari.HikariDataSource       : HikariPool-3 - Shutdown initiated...
2022-08-09 16:05:34.339  INFO 72414 --- [    Test worker] com.zaxxer.hikari.HikariDataSource       : HikariPool-3 - Shutdown completed.

  .   ____          _            __ _ _
 /\\ / ___'_ __ _ _(_)_ __  __ _ \ \ \ \
( ( )\___ | '_ | '_| | '_ \/ _` | \ \ \ \
 \\/  ___)| |_)| | | | | || (_| |  ) ) ) )
  '  |____| .__|_| |_|_| |_\__, | / / / /
 =========|_|==============|___/=/_/_/_/
 :: Spring Boot ::                (v2.6.6)

2022-08-09 16:05:34.435  INFO 72414 --- [    Test worker] w.auth.acceptance.AuthAcceptanceTest     : Starting AuthAcceptanceTest using Java 15.0.7 on bagseeun-ui-MacBookPro.local with PID 72414 (started by parkseeun in /Users/parkseeun/Develop/woowacourse/level-3/sonar-cloud)
2022-08-09 16:05:34.436  INFO 72414 --- [    Test worker] w.auth.acceptance.AuthAcceptanceTest     : The following 1 profile is active: "test"
2022-08-09 16:05:34.846  INFO 72414 --- [    Test worker] o.s.b.w.embedded.tomcat.TomcatWebServer  : Tomcat initialized with port(s): 0 (http)
2022-08-09 16:05:34.848  INFO 72414 --- [    Test worker] o.apache.catalina.core.StandardService   : Starting service [Tomcat]
2022-08-09 16:05:34.848  INFO 72414 --- [    Test worker] org.apache.catalina.core.StandardEngine  : Starting Servlet engine: [Apache Tomcat/9.0.60]
2022-08-09 16:05:34.867  INFO 72414 --- [    Test worker] o.a.c.c.C.[Tomcat].[localhost].[/]       : Initializing Spring embedded WebApplicationContext
2022-08-09 16:05:34.867  INFO 72414 --- [    Test worker] w.s.c.ServletWebServerApplicationContext : Root WebApplicationContext: initialization completed in 425 ms
2022-08-09 16:05:34.930  INFO 72414 --- [    Test worker] com.zaxxer.hikari.HikariDataSource       : HikariPool-4 - Starting...
2022-08-09 16:05:34.936  INFO 72414 --- [    Test worker] com.zaxxer.hikari.HikariDataSource       : HikariPool-4 - Start completed.
2022-08-09 16:05:35.291  INFO 72414 --- [    Test worker] o.s.b.w.embedded.tomcat.TomcatWebServer  : Tomcat started on port(s): 60906 (http) with context path ''
2022-08-09 16:05:35.296  INFO 72414 --- [    Test worker] w.auth.acceptance.AuthAcceptanceTest     : Started AuthAcceptanceTest in 0.947 seconds (JVM running for 15.652)
Request method:	POST
Request URI:	http://localhost:60906/api/customer
Proxy:			<none>
Request params:	<none>
Query params:	<none>
Form params:	<none>
Path params:	<none>
Headers:		Accept=*/*
				Content-Type=application/json
Cookies:		<none>
Multiparts:		<none>
Body:
{
    "name": "클레이",
    "email": "djwhy5510@naver.com",
    "password": "12345678"
}
2022-08-09 16:05:35.337  INFO 72414 --- [o-auto-3-exec-1] o.a.c.c.C.[Tomcat].[localhost].[/]       : Initializing Spring DispatcherServlet 'dispatcherServlet'
2022-08-09 16:05:35.337  INFO 72414 --- [o-auto-3-exec-1] o.s.web.servlet.DispatcherServlet        : Initializing Servlet 'dispatcherServlet'
2022-08-09 16:05:35.338  INFO 72414 --- [o-auto-3-exec-1] o.s.web.servlet.DispatcherServlet        : Completed initialization in 0 ms
HTTP/1.1 201 
Vary: Origin
Vary: Access-Control-Request-Method
Vary: Access-Control-Request-Headers
Content-Length: 0
Date: Tue, 09 Aug 2022 07:05:35 GMT
Keep-Alive: timeout=60
Connection: keep-alive
Request method:	POST
Request URI:	http://localhost:60906/api/login
Proxy:			<none>
Request params:	<none>
Query params:	<none>
Form params:	<none>
Path params:	<none>
Headers:		Accept=application/json
				Content-Type=application/json
Cookies:		<none>
Multiparts:		<none>
Body:
{
    "email": "djwhy5510@naver.com",
    "password": "12345678"
}
HTTP/1.1 200 
Vary: Origin
Vary: Access-Control-Request-Method
Vary: Access-Control-Request-Headers
Content-Type: application/json
Transfer-Encoding: chunked
Date: Tue, 09 Aug 2022 07:05:35 GMT
Keep-Alive: timeout=60
Connection: keep-alive

{
    "accessToken": "eyJhbGciOiJIUzUxMiJ9.eyJpZCI6IjI2IiwiaWF0IjoxNjYwMDI4NzM1LCJleHAiOjE2NjAwMzIzMzV9.GlBepuVjyyG72d7zaYUaj8GheUo6U4TgowLMh6GvhjdNql3XoeLntIAj_1xlyF9S_wIHwmETbqA1JUXvM-Y9Wg"
}
2022-08-09 16:05:35.650  INFO 72414 --- [    Test worker] com.zaxxer.hikari.HikariDataSource       : HikariPool-4 - Shutdown initiated...
2022-08-09 16:05:35.652  INFO 72414 --- [    Test worker] com.zaxxer.hikari.HikariDataSource       : HikariPool-4 - Shutdown completed.

  .   ____          _            __ _ _
 /\\ / ___'_ __ _ _(_)_ __  __ _ \ \ \ \
( ( )\___ | '_ | '_| | '_ \/ _` | \ \ \ \
 \\/  ___)| |_)| | | | | || (_| |  ) ) ) )
  '  |____| .__|_| |_|_| |_\__, | / / / /
 =========|_|==============|___/=/_/_/_/
 :: Spring Boot ::                (v2.6.6)

2022-08-09 16:05:35.726  INFO 72414 --- [    Test worker] w.auth.acceptance.AuthAcceptanceTest     : Starting AuthAcceptanceTest using Java 15.0.7 on bagseeun-ui-MacBookPro.local with PID 72414 (started by parkseeun in /Users/parkseeun/Develop/woowacourse/level-3/sonar-cloud)
2022-08-09 16:05:35.727  INFO 72414 --- [    Test worker] w.auth.acceptance.AuthAcceptanceTest     : The following 1 profile is active: "test"
2022-08-09 16:05:36.067  INFO 72414 --- [    Test worker] o.s.b.w.embedded.tomcat.TomcatWebServer  : Tomcat initialized with port(s): 0 (http)
2022-08-09 16:05:36.072  INFO 72414 --- [    Test worker] o.apache.catalina.core.StandardService   : Starting service [Tomcat]
2022-08-09 16:05:36.073  INFO 72414 --- [    Test worker] org.apache.catalina.core.StandardEngine  : Starting Servlet engine: [Apache Tomcat/9.0.60]
2022-08-09 16:05:36.095  INFO 72414 --- [    Test worker] o.a.c.c.C.[Tomcat].[localhost].[/]       : Initializing Spring embedded WebApplicationContext
2022-08-09 16:05:36.096  INFO 72414 --- [    Test worker] w.s.c.ServletWebServerApplicationContext : Root WebApplicationContext: initialization completed in 365 ms
2022-08-09 16:05:36.212  INFO 72414 --- [    Test worker] com.zaxxer.hikari.HikariDataSource       : HikariPool-5 - Starting...
2022-08-09 16:05:36.225  INFO 72414 --- [    Test worker] com.zaxxer.hikari.HikariDataSource       : HikariPool-5 - Start completed.
2022-08-09 16:05:36.571  INFO 72414 --- [    Test worker] o.s.b.w.embedded.tomcat.TomcatWebServer  : Tomcat started on port(s): 60910 (http) with context path ''
2022-08-09 16:05:36.575  INFO 72414 --- [    Test worker] w.auth.acceptance.AuthAcceptanceTest     : Started AuthAcceptanceTest in 0.919 seconds (JVM running for 16.931)
Request method:	GET
Request URI:	http://localhost:60910/api/customer
Proxy:			<none>
Request params:	<none>
Query params:	<none>
Form params:	<none>
Path params:	<none>
Headers:		Accept=application/json
Cookies:		<none>
Multiparts:		<none>
Body:			<none>
2022-08-09 16:05:36.660  INFO 72414 --- [o-auto-4-exec-1] o.a.c.c.C.[Tomcat].[localhost].[/]       : Initializing Spring DispatcherServlet 'dispatcherServlet'
2022-08-09 16:05:36.660  INFO 72414 --- [o-auto-4-exec-1] o.s.web.servlet.DispatcherServlet        : Initializing Servlet 'dispatcherServlet'
2022-08-09 16:05:36.661  INFO 72414 --- [o-auto-4-exec-1] o.s.web.servlet.DispatcherServlet        : Completed initialization in 0 ms
HTTP/1.1 401 
Vary: Origin
Vary: Access-Control-Request-Method
Vary: Access-Control-Request-Headers
Content-Type: application/json
Transfer-Encoding: chunked
Date: Tue, 09 Aug 2022 07:05:36 GMT
Keep-Alive: timeout=60
Connection: keep-alive

{
    "message": "사용자 인증에 실패했습니다."
}
2022-08-09 16:05:36.701  INFO 72414 --- [    Test worker] com.zaxxer.hikari.HikariDataSource       : HikariPool-5 - Shutdown initiated...
2022-08-09 16:05:36.703  INFO 72414 --- [    Test worker] com.zaxxer.hikari.HikariDataSource       : HikariPool-5 - Shutdown completed.

  .   ____          _            __ _ _
 /\\ / ___'_ __ _ _(_)_ __  __ _ \ \ \ \
( ( )\___ | '_ | '_| | '_ \/ _` | \ \ \ \
 \\/  ___)| |_)| | | | | || (_| |  ) ) ) )
  '  |____| .__|_| |_|_| |_\__, | / / / /
 =========|_|==============|___/=/_/_/_/
 :: Spring Boot ::                (v2.6.6)

2022-08-09 16:05:36.840  INFO 72414 --- [    Test worker] w.auth.acceptance.AuthAcceptanceTest     : Starting AuthAcceptanceTest using Java 15.0.7 on bagseeun-ui-MacBookPro.local with PID 72414 (started by parkseeun in /Users/parkseeun/Develop/woowacourse/level-3/sonar-cloud)
2022-08-09 16:05:36.842  INFO 72414 --- [    Test worker] w.auth.acceptance.AuthAcceptanceTest     : The following 1 profile is active: "test"
2022-08-09 16:05:37.413  INFO 72414 --- [    Test worker] o.s.b.w.embedded.tomcat.TomcatWebServer  : Tomcat initialized with port(s): 0 (http)
2022-08-09 16:05:37.419  INFO 72414 --- [    Test worker] o.apache.catalina.core.StandardService   : Starting service [Tomcat]
2022-08-09 16:05:37.419  INFO 72414 --- [    Test worker] org.apache.catalina.core.StandardEngine  : Starting Servlet engine: [Apache Tomcat/9.0.60]
2022-08-09 16:05:37.441  INFO 72414 --- [    Test worker] o.a.c.c.C.[Tomcat].[localhost].[/]       : Initializing Spring embedded WebApplicationContext
2022-08-09 16:05:37.441  INFO 72414 --- [    Test worker] w.s.c.ServletWebServerApplicationContext : Root WebApplicationContext: initialization completed in 582 ms
2022-08-09 16:05:37.502  INFO 72414 --- [    Test worker] com.zaxxer.hikari.HikariDataSource       : HikariPool-6 - Starting...
2022-08-09 16:05:37.512  INFO 72414 --- [    Test worker] com.zaxxer.hikari.HikariDataSource       : HikariPool-6 - Start completed.
2022-08-09 16:05:37.847  INFO 72414 --- [    Test worker] o.s.b.w.embedded.tomcat.TomcatWebServer  : Tomcat started on port(s): 60913 (http) with context path ''
2022-08-09 16:05:37.852  INFO 72414 --- [    Test worker] w.auth.acceptance.AuthAcceptanceTest     : Started AuthAcceptanceTest in 1.144 seconds (JVM running for 18.208)
Request method:	GET
Request URI:	http://localhost:60913/api/customer
Proxy:			<none>
Request params:	<none>
Query params:	<none>
Form params:	<none>
Path params:	<none>
Headers:		Accept=application/json
Cookies:		<none>
Multiparts:		<none>
Body:			<none>
2022-08-09 16:05:37.893  INFO 72414 --- [o-auto-5-exec-1] o.a.c.c.C.[Tomcat].[localhost].[/]       : Initializing Spring DispatcherServlet 'dispatcherServlet'
2022-08-09 16:05:37.893  INFO 72414 --- [o-auto-5-exec-1] o.s.web.servlet.DispatcherServlet        : Initializing Servlet 'dispatcherServlet'
2022-08-09 16:05:37.893  INFO 72414 --- [o-auto-5-exec-1] o.s.web.servlet.DispatcherServlet        : Completed initialization in 0 ms
HTTP/1.1 401 
Vary: Origin
Vary: Access-Control-Request-Method
Vary: Access-Control-Request-Headers
Content-Type: application/json
Transfer-Encoding: chunked
Date: Tue, 09 Aug 2022 07:05:37 GMT
Keep-Alive: timeout=60
Connection: keep-alive

{
    "message": "사용자 인증에 실패했습니다."
}
2022-08-09 16:05:37.917  INFO 72414 --- [    Test worker] com.zaxxer.hikari.HikariDataSource       : HikariPool-6 - Shutdown initiated...
2022-08-09 16:05:37.918  INFO 72414 --- [    Test worker] com.zaxxer.hikari.HikariDataSource       : HikariPool-6 - Shutdown completed.

  .   ____          _            __ _ _
 /\\ / ___'_ __ _ _(_)_ __  __ _ \ \ \ \
( ( )\___ | '_ | '_| | '_ \/ _` | \ \ \ \
 \\/  ___)| |_)| | | | | || (_| |  ) ) ) )
  '  |____| .__|_| |_|_| |_\__, | / / / /
 =========|_|==============|___/=/_/_/_/
 :: Spring Boot ::                (v2.6.6)

2022-08-09 16:05:37.975  INFO 72414 --- [    Test worker] w.auth.acceptance.AuthAcceptanceTest     : Starting AuthAcceptanceTest using Java 15.0.7 on bagseeun-ui-MacBookPro.local with PID 72414 (started by parkseeun in /Users/parkseeun/Develop/woowacourse/level-3/sonar-cloud)
2022-08-09 16:05:37.976  INFO 72414 --- [    Test worker] w.auth.acceptance.AuthAcceptanceTest     : The following 1 profile is active: "test"
2022-08-09 16:05:38.207  INFO 72414 --- [    Test worker] o.s.b.w.embedded.tomcat.TomcatWebServer  : Tomcat initialized with port(s): 0 (http)
2022-08-09 16:05:38.208  INFO 72414 --- [    Test worker] o.apache.catalina.core.StandardService   : Starting service [Tomcat]
2022-08-09 16:05:38.208  INFO 72414 --- [    Test worker] org.apache.catalina.core.StandardEngine  : Starting Servlet engine: [Apache Tomcat/9.0.60]
2022-08-09 16:05:38.218  INFO 72414 --- [    Test worker] o.a.c.c.C.[Tomcat].[localhost].[/]       : Initializing Spring embedded WebApplicationContext
2022-08-09 16:05:38.219  INFO 72414 --- [    Test worker] w.s.c.ServletWebServerApplicationContext : Root WebApplicationContext: initialization completed in 238 ms
2022-08-09 16:05:38.265  INFO 72414 --- [    Test worker] com.zaxxer.hikari.HikariDataSource       : HikariPool-7 - Starting...
2022-08-09 16:05:38.267  INFO 72414 --- [    Test worker] com.zaxxer.hikari.HikariDataSource       : HikariPool-7 - Start completed.
2022-08-09 16:05:38.530  INFO 72414 --- [    Test worker] o.s.b.w.embedded.tomcat.TomcatWebServer  : Tomcat started on port(s): 60916 (http) with context path ''
2022-08-09 16:05:38.536  INFO 72414 --- [    Test worker] w.auth.acceptance.AuthAcceptanceTest     : Started AuthAcceptanceTest in 0.615 seconds (JVM running for 18.892)
Request method:	POST
Request URI:	http://localhost:60916/api/customer
Proxy:			<none>
Request params:	<none>
Query params:	<none>
Form params:	<none>
Path params:	<none>
Headers:		Accept=*/*
				Content-Type=application/json
Cookies:		<none>
Multiparts:		<none>
Body:
{
    "name": "클레이",
    "email": "djwhy5510@naver.com",
    "password": "12345678"
}
2022-08-09 16:05:38.567  INFO 72414 --- [o-auto-6-exec-1] o.a.c.c.C.[Tomcat].[localhost].[/]       : Initializing Spring DispatcherServlet 'dispatcherServlet'
2022-08-09 16:05:38.568  INFO 72414 --- [o-auto-6-exec-1] o.s.web.servlet.DispatcherServlet        : Initializing Servlet 'dispatcherServlet'
2022-08-09 16:05:38.569  INFO 72414 --- [o-auto-6-exec-1] o.s.web.servlet.DispatcherServlet        : Completed initialization in 1 ms
HTTP/1.1 201 
Vary: Origin
Vary: Access-Control-Request-Method
Vary: Access-Control-Request-Headers
Content-Length: 0
Date: Tue, 09 Aug 2022 07:05:37 GMT
Keep-Alive: timeout=60
Connection: keep-alive
Request method:	POST
Request URI:	http://localhost:60916/api/login
Proxy:			<none>
Request params:	<none>
Query params:	<none>
Form params:	<none>
Path params:	<none>
Headers:		Accept=application/json
				Content-Type=application/json
Cookies:		<none>
Multiparts:		<none>
Body:
{
    "name": "클레이",
    "email": "lalala@gamil.com",
    "password": "12345678"
}
HTTP/1.1 400 
Vary: Origin
Vary: Access-Control-Request-Method
Vary: Access-Control-Request-Headers
Content-Type: application/json
Transfer-Encoding: chunked
Date: Tue, 09 Aug 2022 07:05:37 GMT
Connection: close

{
    "message": "존재하지 않는 이메일입니다."
}
]]></system-out>
  <system-err><![CDATA[]]></system-err>
</testsuite>
