<?xml version="1.0" encoding="UTF-8"?>
<testsuite name="woowacourse.auth.application.AuthServiceTest" tests="5" skipped="0" failures="0" errors="0" timestamp="2022-08-09T07:05:38" hostname="bagseeun-ui-MacBookPro.local" time="0.427">
  <properties/>
  <testcase name="토큰을 ID로 변환한다." classname="woowacourse.auth.application.AuthServiceTest" time="0.215"/>
  <testcase name="토큰의 유효성을 검사한다." classname="woowacourse.auth.application.AuthServiceTest" time="0.002"/>
  <testcase name="사용자 인증 시 비밀번호가 일치하지 않을 경우 예외가 발생한다." classname="woowacourse.auth.application.AuthServiceTest" time="0.103"/>
  <testcase name="이메일과 비밀번호를 입력 받아 토큰을 발급받는다." classname="woowacourse.auth.application.AuthServiceTest" time="0.098"/>
  <testcase name="존재하지 않는 이메일로 사용자를 인증할 경우 예외가 발생한다." classname="woowacourse.auth.application.AuthServiceTest" time="0.006"/>
  <system-out><![CDATA[]]></system-out>
  <system-err><![CDATA[]]></system-err>
</testsuite>
