<?xml version="1.0" encoding="UTF-8"?>
<testsuite name="woowacourse.shoppingcart.ui.ProductControllerTest" tests="5" skipped="0" failures="0" errors="0" timestamp="2022-08-09T07:05:41" hostname="bagseeun-ui-MacBookPro.local" time="0.087">
  <properties/>
  <testcase name="상품을 삭제한다." classname="woowacourse.shoppingcart.ui.ProductControllerTest" time="0.046"/>
  <testcase name="상품 조회시 상품이 존재하지 않는 경우 예외를 던진다." classname="woowacourse.shoppingcart.ui.ProductControllerTest" time="0.007"/>
  <testcase name="상품을 등록한다." classname="woowacourse.shoppingcart.ui.ProductControllerTest" time="0.009"/>
  <testcase name="상품에 대한 정보를 조회한다." classname="woowacourse.shoppingcart.ui.ProductControllerTest" time="0.012"/>
  <testcase name="상품 조회시 상품이 존재하지 않는 경우 예외를 던진다." classname="woowacourse.shoppingcart.ui.ProductControllerTest" time="0.01"/>
  <system-out><![CDATA[2022-08-09 16:05:41.956  INFO 72414 --- [    Test worker] .b.t.c.SpringBootTestContextBootstrapper : Neither @ContextConfiguration nor @ContextHierarchy found for test class [woowacourse.shoppingcart.ui.ProductControllerTest], using SpringBootContextLoader
2022-08-09 16:05:41.957  INFO 72414 --- [    Test worker] o.s.t.c.support.AbstractContextLoader    : Could not detect default resource locations for test class [woowacourse.shoppingcart.ui.ProductControllerTest]: no resource found for suffixes {-context.xml, Context.groovy}.
2022-08-09 16:05:41.960  INFO 72414 --- [    Test worker] t.c.s.AnnotationConfigContextLoaderUtils : Could not detect default configuration classes for test class [woowacourse.shoppingcart.ui.ProductControllerTest]: ProductControllerTest does not declare any static, non-private, non-final, nested classes annotated with @Configuration.
2022-08-09 16:05:41.963  INFO 72414 --- [    Test worker] .b.t.c.SpringBootTestContextBootstrapper : Found @SpringBootConfiguration woowacourse.Application for test class woowacourse.shoppingcart.ui.ProductControllerTest
2022-08-09 16:05:41.966  INFO 72414 --- [    Test worker] .b.t.c.SpringBootTestContextBootstrapper : Loaded default TestExecutionListener class names from location [META-INF/spring.factories]: [org.springframework.boot.test.autoconfigure.restdocs.RestDocsTestExecutionListener, org.springframework.boot.test.autoconfigure.web.client.MockRestServiceServerResetTestExecutionListener, org.springframework.boot.test.autoconfigure.web.servlet.MockMvcPrintOnlyOnFailureTestExecutionListener, org.springframework.boot.test.autoconfigure.web.servlet.WebDriverTestExecutionListener, org.springframework.boot.test.autoconfigure.webservices.client.MockWebServiceServerTestExecutionListener, org.springframework.boot.test.mock.mockito.MockitoTestExecutionListener, org.springframework.boot.test.mock.mockito.ResetMocksTestExecutionListener, org.springframework.test.context.web.ServletTestExecutionListener, org.springframework.test.context.support.DirtiesContextBeforeModesTestExecutionListener, org.springframework.test.context.event.ApplicationEventsTestExecutionListener, org.springframework.test.context.support.DependencyInjectionTestExecutionListener, org.springframework.test.context.support.DirtiesContextTestExecutionListener, org.springframework.test.context.transaction.TransactionalTestExecutionListener, org.springframework.test.context.jdbc.SqlScriptsTestExecutionListener, org.springframework.test.context.event.EventPublishingTestExecutionListener]
2022-08-09 16:05:41.967  INFO 72414 --- [    Test worker] .b.t.c.SpringBootTestContextBootstrapper : Using TestExecutionListeners: [org.springframework.test.context.web.ServletTestExecutionListener@eadaa55, org.springframework.test.context.support.DirtiesContextBeforeModesTestExecutionListener@4cc79d0f, org.springframework.test.context.event.ApplicationEventsTestExecutionListener@3bca411f, org.springframework.boot.test.mock.mockito.MockitoTestExecutionListener@58ee01a3, org.springframework.boot.test.autoconfigure.SpringBootDependencyInjectionTestExecutionListener@3b72f7e9, org.springframework.test.context.support.DirtiesContextTestExecutionListener@4b2d3a6d, org.springframework.test.context.transaction.TransactionalTestExecutionListener@228648ae, org.springframework.test.context.jdbc.SqlScriptsTestExecutionListener@a4db644, org.springframework.test.context.event.EventPublishingTestExecutionListener@262cc55b, org.springframework.boot.test.autoconfigure.restdocs.RestDocsTestExecutionListener@4f07da1, org.springframework.boot.test.autoconfigure.web.client.MockRestServiceServerResetTestExecutionListener@142396a9, org.springframework.boot.test.autoconfigure.web.servlet.MockMvcPrintOnlyOnFailureTestExecutionListener@73bbedff, org.springframework.boot.test.autoconfigure.web.servlet.WebDriverTestExecutionListener@337de8ce, org.springframework.boot.test.autoconfigure.webservices.client.MockWebServiceServerTestExecutionListener@34678675, org.springframework.boot.test.mock.mockito.ResetMocksTestExecutionListener@3c79c88e]
]]></system-out>
  <system-err><![CDATA[]]></system-err>
</testsuite>
