<?xml version="1.0" encoding="UTF-8"?>
<testsuite name="woowacourse.shoppingcart.domain.PasswordTest" tests="6" skipped="0" failures="0" errors="0" timestamp="2022-08-09T07:06:08" hostname="bagseeun-ui-MacBookPro.local" time="0.353">
  <properties/>
  <testcase name="[1] valueToEncrypt=12345678, rawValue=12345678, expected=true" classname="woowacourse.shoppingcart.domain.PasswordTest" time="0.173"/>
  <testcase name="[2] valueToEncrypt=12345678, rawValue=87654321, expected=false" classname="woowacourse.shoppingcart.domain.PasswordTest" time="0.171"/>
  <testcase name="[1] rawValue=" classname="woowacourse.shoppingcart.domain.PasswordTest" time="0.002"/>
  <testcase name="[2] rawValue=썬" classname="woowacourse.shoppingcart.domain.PasswordTest" time="0.0"/>
  <testcase name="[3] rawValue=클레이" classname="woowacourse.shoppingcart.domain.PasswordTest" time="0.0"/>
  <testcase name="[4] rawValue=1234567" classname="woowacourse.shoppingcart.domain.PasswordTest" time="0.0"/>
  <system-out><![CDATA[]]></system-out>
  <system-err><![CDATA[]]></system-err>
</testsuite>
