<?xml version="1.0" encoding="UTF-8"?>
<testsuite name="woowacourse.auth.ui.AuthControllerTest" tests="3" skipped="0" failures="0" errors="0" timestamp="2022-08-09T07:05:26" hostname="bagseeun-ui-MacBookPro.local" time="1.4">
  <properties/>
  <testcase name="이메일과 비밀번호를 받아 로그인한다." classname="woowacourse.auth.ui.AuthControllerTest" time="1.087"/>
  <testcase name="로그인시 비밀번호가 일치하지 않는 경우 예외가 발생한다." classname="woowacourse.auth.ui.AuthControllerTest" time="0.239"/>
  <testcase name="존재하지 않는 이메일로 로그인 요청 시 예외가 발생한다." classname="woowacourse.auth.ui.AuthControllerTest" time="0.053"/>
  <system-out><![CDATA[16:05:21.275 [Test worker] DEBUG org.springframework.test.context.BootstrapUtils - Instantiating CacheAwareContextLoaderDelegate from class [org.springframework.test.context.cache.DefaultCacheAwareContextLoaderDelegate]
16:05:21.286 [Test worker] DEBUG org.springframework.test.context.BootstrapUtils - Instantiating BootstrapContext using constructor [public org.springframework.test.context.support.DefaultBootstrapContext(java.lang.Class,org.springframework.test.context.CacheAwareContextLoaderDelegate)]
16:05:21.362 [Test worker] DEBUG org.springframework.test.context.BootstrapUtils - Instantiating TestContextBootstrapper for test class [woowacourse.auth.ui.AuthControllerTest] from class [org.springframework.boot.test.context.SpringBootTestContextBootstrapper]
16:05:21.375 [Test worker] INFO org.springframework.boot.test.context.SpringBootTestContextBootstrapper - Neither @ContextConfiguration nor @ContextHierarchy found for test class [woowacourse.auth.ui.AuthControllerTest], using SpringBootContextLoader
16:05:21.380 [Test worker] DEBUG org.springframework.test.context.support.AbstractContextLoader - Did not detect default resource location for test class [woowacourse.auth.ui.AuthControllerTest]: class path resource [woowacourse/auth/ui/AuthControllerTest-context.xml] does not exist
16:05:21.381 [Test worker] DEBUG org.springframework.test.context.support.AbstractContextLoader - Did not detect default resource location for test class [woowacourse.auth.ui.AuthControllerTest]: class path resource [woowacourse/auth/ui/AuthControllerTestContext.groovy] does not exist
16:05:21.382 [Test worker] INFO org.springframework.test.context.support.AbstractContextLoader - Could not detect default resource locations for test class [woowacourse.auth.ui.AuthControllerTest]: no resource found for suffixes {-context.xml, Context.groovy}.
16:05:21.384 [Test worker] INFO org.springframework.test.context.support.AnnotationConfigContextLoaderUtils - Could not detect default configuration classes for test class [woowacourse.auth.ui.AuthControllerTest]: AuthControllerTest does not declare any static, non-private, non-final, nested classes annotated with @Configuration.
16:05:21.441 [Test worker] DEBUG org.springframework.test.context.support.ActiveProfilesUtils - Could not find an 'annotation declaring class' for annotation type [org.springframework.test.context.ActiveProfiles] and class [woowacourse.auth.ui.AuthControllerTest]
16:05:21.552 [Test worker] DEBUG org.springframework.context.annotation.ClassPathScanningCandidateComponentProvider - Identified candidate component class: file [/Users/parkseeun/Develop/woowacourse/level-3/sonar-cloud/build/classes/java/main/woowacourse/Application.class]
16:05:21.559 [Test worker] INFO org.springframework.boot.test.context.SpringBootTestContextBootstrapper - Found @SpringBootConfiguration woowacourse.Application for test class woowacourse.auth.ui.AuthControllerTest
16:05:21.663 [Test worker] DEBUG org.springframework.boot.test.context.SpringBootTestContextBootstrapper - @TestExecutionListeners is not present for class [woowacourse.auth.ui.AuthControllerTest]: using defaults.
16:05:21.665 [Test worker] INFO org.springframework.boot.test.context.SpringBootTestContextBootstrapper - Loaded default TestExecutionListener class names from location [META-INF/spring.factories]: [org.springframework.boot.test.autoconfigure.restdocs.RestDocsTestExecutionListener, org.springframework.boot.test.autoconfigure.web.client.MockRestServiceServerResetTestExecutionListener, org.springframework.boot.test.autoconfigure.web.servlet.MockMvcPrintOnlyOnFailureTestExecutionListener, org.springframework.boot.test.autoconfigure.web.servlet.WebDriverTestExecutionListener, org.springframework.boot.test.autoconfigure.webservices.client.MockWebServiceServerTestExecutionListener, org.springframework.boot.test.mock.mockito.MockitoTestExecutionListener, org.springframework.boot.test.mock.mockito.ResetMocksTestExecutionListener, org.springframework.test.context.web.ServletTestExecutionListener, org.springframework.test.context.support.DirtiesContextBeforeModesTestExecutionListener, org.springframework.test.context.event.ApplicationEventsTestExecutionListener, org.springframework.test.context.support.DependencyInjectionTestExecutionListener, org.springframework.test.context.support.DirtiesContextTestExecutionListener, org.springframework.test.context.transaction.TransactionalTestExecutionListener, org.springframework.test.context.jdbc.SqlScriptsTestExecutionListener, org.springframework.test.context.event.EventPublishingTestExecutionListener]
16:05:21.678 [Test worker] INFO org.springframework.boot.test.context.SpringBootTestContextBootstrapper - Using TestExecutionListeners: [org.springframework.test.context.web.ServletTestExecutionListener@40d4f6c7, org.springframework.test.context.support.DirtiesContextBeforeModesTestExecutionListener@1a94384d, org.springframework.test.context.event.ApplicationEventsTestExecutionListener@17121ffb, org.springframework.boot.test.mock.mockito.MockitoTestExecutionListener@4a026f2a, org.springframework.boot.test.autoconfigure.SpringBootDependencyInjectionTestExecutionListener@2d07ca63, org.springframework.test.context.support.DirtiesContextTestExecutionListener@16eac9de, org.springframework.test.context.transaction.TransactionalTestExecutionListener@1100f13f, org.springframework.test.context.jdbc.SqlScriptsTestExecutionListener@4822a70a, org.springframework.test.context.event.EventPublishingTestExecutionListener@5b6538bf, org.springframework.boot.test.autoconfigure.restdocs.RestDocsTestExecutionListener@1b01be34, org.springframework.boot.test.autoconfigure.web.client.MockRestServiceServerResetTestExecutionListener@d1e3d62, org.springframework.boot.test.autoconfigure.web.servlet.MockMvcPrintOnlyOnFailureTestExecutionListener@50d9c13c, org.springframework.boot.test.autoconfigure.web.servlet.WebDriverTestExecutionListener@228bab58, org.springframework.boot.test.autoconfigure.webservices.client.MockWebServiceServerTestExecutionListener@346d5123, org.springframework.boot.test.mock.mockito.ResetMocksTestExecutionListener@48e49fe1]
16:05:21.682 [Test worker] DEBUG org.springframework.test.context.support.AbstractDirtiesContextTestExecutionListener - Before test class: context [DefaultTestContext@758567f9 testClass = AuthControllerTest, testInstance = [null], testMethod = [null], testException = [null], mergedContextConfiguration = [WebMergedContextConfiguration@48d75f0 testClass = AuthControllerTest, locations = '{}', classes = '{class woowacourse.Application}', contextInitializerClasses = '[]', activeProfiles = '{}', propertySourceLocations = '{}', propertySourceProperties = '{org.springframework.boot.test.context.SpringBootTestContextBootstrapper=true}', contextCustomizers = set[org.springframework.boot.test.autoconfigure.actuate.metrics.MetricsExportContextCustomizerFactory$DisableMetricExportContextCustomizer@1fc967f4, org.springframework.boot.test.autoconfigure.properties.PropertyMappingContextCustomizer@0, org.springframework.boot.test.autoconfigure.web.servlet.WebDriverContextCustomizerFactory$Customizer@7fe955ab, org.springframework.boot.test.context.filter.ExcludeFilterContextCustomizer@1db72d26, org.springframework.boot.test.json.DuplicateJsonObjectContextCustomizerFactory$DuplicateJsonObjectContextCustomizer@43f93010, org.springframework.boot.test.mock.mockito.MockitoContextCustomizer@0, org.springframework.boot.test.web.client.TestRestTemplateContextCustomizer@35244fa7, org.springframework.boot.test.context.SpringBootTestArgs@1, org.springframework.boot.test.context.SpringBootTestWebEnvironment@65831fbd], resourceBasePath = 'src/main/webapp', contextLoader = 'org.springframework.boot.test.context.SpringBootContextLoader', parent = [null]], attributes = map['org.springframework.test.context.web.ServletTestExecutionListener.activateListener' -> true]], class annotated with @DirtiesContext [false] with mode [null].

  .   ____          _            __ _ _
 /\\ / ___'_ __ _ _(_)_ __  __ _ \ \ \ \
( ( )\___ | '_ | '_| | '_ \/ _` | \ \ \ \
 \\/  ___)| |_)| | | | | || (_| |  ) ) ) )
  '  |____| .__|_| |_|_| |_\__, | / / / /
 =========|_|==============|___/=/_/_/_/
 :: Spring Boot ::                (v2.6.6)

2022-08-09 16:05:22.385  INFO 72414 --- [    Test worker] woowacourse.auth.ui.AuthControllerTest   : Starting AuthControllerTest using Java 15.0.7 on bagseeun-ui-MacBookPro.local with PID 72414 (started by parkseeun in /Users/parkseeun/Develop/woowacourse/level-3/sonar-cloud)
2022-08-09 16:05:22.390  INFO 72414 --- [    Test worker] woowacourse.auth.ui.AuthControllerTest   : No active profile set, falling back to 1 default profile: "default"
2022-08-09 16:05:24.441  INFO 72414 --- [    Test worker] com.zaxxer.hikari.HikariDataSource       : HikariPool-1 - Starting...
2022-08-09 16:05:24.673  INFO 72414 --- [    Test worker] com.zaxxer.hikari.HikariDataSource       : HikariPool-1 - Start completed.
2022-08-09 16:05:26.667  INFO 72414 --- [    Test worker] woowacourse.auth.ui.AuthControllerTest   : Started AuthControllerTest in 4.935 seconds (JVM running for 7.023)
]]></system-out>
  <system-err><![CDATA[]]></system-err>
</testsuite>
