<?xml version="1.0" encoding="UTF-8"?>
<testsuite name="회원 관련 기능" tests="5" skipped="0" failures="0" errors="0" timestamp="2022-08-09T07:06:01" hostname="bagseeun-ui-MacBookPro.local" time="4.648">
  <properties/>
  <testcase name="내 정보 조회" classname="woowacourse.shoppingcart.acceptance.CustomerAcceptanceTest" time="0.976"/>
  <testcase name="회원가입" classname="woowacourse.shoppingcart.acceptance.CustomerAcceptanceTest" time="0.698"/>
  <testcase name="내 정보 수정" classname="woowacourse.shoppingcart.acceptance.CustomerAcceptanceTest" time="0.817"/>
  <testcase name="회원탈퇴" classname="woowacourse.shoppingcart.acceptance.CustomerAcceptanceTest" time="0.877"/>
  <testcase name="내 비밀번호 수정" classname="woowacourse.shoppingcart.acceptance.CustomerAcceptanceTest" time="1.272"/>
  <system-out><![CDATA[2022-08-09 16:06:01.869  INFO 72414 --- [    Test worker] .b.t.c.SpringBootTestContextBootstrapper : Neither @ContextConfiguration nor @ContextHierarchy found for test class [woowacourse.shoppingcart.acceptance.CustomerAcceptanceTest], using SpringBootContextLoader
2022-08-09 16:06:01.871  INFO 72414 --- [    Test worker] o.s.t.c.support.AbstractContextLoader    : Could not detect default resource locations for test class [woowacourse.shoppingcart.acceptance.CustomerAcceptanceTest]: no resource found for suffixes {-context.xml, Context.groovy}.
2022-08-09 16:06:01.871  INFO 72414 --- [    Test worker] t.c.s.AnnotationConfigContextLoaderUtils : Could not detect default configuration classes for test class [woowacourse.shoppingcart.acceptance.CustomerAcceptanceTest]: CustomerAcceptanceTest does not declare any static, non-private, non-final, nested classes annotated with @Configuration.
2022-08-09 16:06:01.872  INFO 72414 --- [    Test worker] .b.t.c.SpringBootTestContextBootstrapper : Found @SpringBootConfiguration woowacourse.Application for test class woowacourse.shoppingcart.acceptance.CustomerAcceptanceTest
2022-08-09 16:06:01.874  INFO 72414 --- [    Test worker] .b.t.c.SpringBootTestContextBootstrapper : Loaded default TestExecutionListener class names from location [META-INF/spring.factories]: [org.springframework.boot.test.autoconfigure.restdocs.RestDocsTestExecutionListener, org.springframework.boot.test.autoconfigure.web.client.MockRestServiceServerResetTestExecutionListener, org.springframework.boot.test.autoconfigure.web.servlet.MockMvcPrintOnlyOnFailureTestExecutionListener, org.springframework.boot.test.autoconfigure.web.servlet.WebDriverTestExecutionListener, org.springframework.boot.test.autoconfigure.webservices.client.MockWebServiceServerTestExecutionListener, org.springframework.boot.test.mock.mockito.MockitoTestExecutionListener, org.springframework.boot.test.mock.mockito.ResetMocksTestExecutionListener, org.springframework.test.context.web.ServletTestExecutionListener, org.springframework.test.context.support.DirtiesContextBeforeModesTestExecutionListener, org.springframework.test.context.event.ApplicationEventsTestExecutionListener, org.springframework.test.context.support.DependencyInjectionTestExecutionListener, org.springframework.test.context.support.DirtiesContextTestExecutionListener, org.springframework.test.context.transaction.TransactionalTestExecutionListener, org.springframework.test.context.jdbc.SqlScriptsTestExecutionListener, org.springframework.test.context.event.EventPublishingTestExecutionListener]
2022-08-09 16:06:01.874  INFO 72414 --- [    Test worker] .b.t.c.SpringBootTestContextBootstrapper : Using TestExecutionListeners: [org.springframework.test.context.web.ServletTestExecutionListener@42c55c64, org.springframework.test.context.support.DirtiesContextBeforeModesTestExecutionListener@3abda6fd, org.springframework.test.context.event.ApplicationEventsTestExecutionListener@364f51d2, org.springframework.boot.test.mock.mockito.MockitoTestExecutionListener@3ea1134d, org.springframework.boot.test.autoconfigure.SpringBootDependencyInjectionTestExecutionListener@566f5e81, org.springframework.test.context.support.DirtiesContextTestExecutionListener@1b290ff, org.springframework.test.context.transaction.TransactionalTestExecutionListener@4d3f90da, org.springframework.test.context.jdbc.SqlScriptsTestExecutionListener@7bb2d94b, org.springframework.test.context.event.EventPublishingTestExecutionListener@57050bea, org.springframework.boot.test.autoconfigure.restdocs.RestDocsTestExecutionListener@42a54c9d, org.springframework.boot.test.autoconfigure.web.client.MockRestServiceServerResetTestExecutionListener@73adbd53, org.springframework.boot.test.autoconfigure.web.servlet.MockMvcPrintOnlyOnFailureTestExecutionListener@1eb85aec, org.springframework.boot.test.autoconfigure.web.servlet.WebDriverTestExecutionListener@611d488a, org.springframework.boot.test.autoconfigure.webservices.client.MockWebServiceServerTestExecutionListener@9b42190, org.springframework.boot.test.mock.mockito.ResetMocksTestExecutionListener@176d42d0]
2022-08-09 16:06:01.897  INFO 72414 --- [    Test worker] com.zaxxer.hikari.HikariDataSource       : HikariPool-26 - Shutdown initiated...
2022-08-09 16:06:01.897  INFO 72414 --- [    Test worker] com.zaxxer.hikari.HikariDataSource       : HikariPool-26 - Shutdown completed.

  .   ____          _            __ _ _
 /\\ / ___'_ __ _ _(_)_ __  __ _ \ \ \ \
( ( )\___ | '_ | '_| | '_ \/ _` | \ \ \ \
 \\/  ___)| |_)| | | | | || (_| |  ) ) ) )
  '  |____| .__|_| |_|_| |_\__, | / / / /
 =========|_|==============|___/=/_/_/_/
 :: Spring Boot ::                (v2.6.6)

2022-08-09 16:06:01.922  INFO 72414 --- [    Test worker] w.s.acceptance.CustomerAcceptanceTest    : Starting CustomerAcceptanceTest using Java 15.0.7 on bagseeun-ui-MacBookPro.local with PID 72414 (started by parkseeun in /Users/parkseeun/Develop/woowacourse/level-3/sonar-cloud)
2022-08-09 16:06:01.923  INFO 72414 --- [    Test worker] w.s.acceptance.CustomerAcceptanceTest    : The following 1 profile is active: "test"
2022-08-09 16:06:02.141  INFO 72414 --- [    Test worker] o.s.b.w.embedded.tomcat.TomcatWebServer  : Tomcat initialized with port(s): 0 (http)
2022-08-09 16:06:02.145  INFO 72414 --- [    Test worker] o.apache.catalina.core.StandardService   : Starting service [Tomcat]
2022-08-09 16:06:02.145  INFO 72414 --- [    Test worker] org.apache.catalina.core.StandardEngine  : Starting Servlet engine: [Apache Tomcat/9.0.60]
2022-08-09 16:06:02.171  INFO 72414 --- [    Test worker] o.a.c.c.C.[Tomcat].[localhost].[/]       : Initializing Spring embedded WebApplicationContext
2022-08-09 16:06:02.173  INFO 72414 --- [    Test worker] w.s.c.ServletWebServerApplicationContext : Root WebApplicationContext: initialization completed in 249 ms
2022-08-09 16:06:02.259  INFO 72414 --- [    Test worker] com.zaxxer.hikari.HikariDataSource       : HikariPool-27 - Starting...
2022-08-09 16:06:02.262  INFO 72414 --- [    Test worker] com.zaxxer.hikari.HikariDataSource       : HikariPool-27 - Start completed.
2022-08-09 16:06:02.536  INFO 72414 --- [    Test worker] o.s.b.w.embedded.tomcat.TomcatWebServer  : Tomcat started on port(s): 61034 (http) with context path ''
2022-08-09 16:06:02.538  INFO 72414 --- [    Test worker] w.s.acceptance.CustomerAcceptanceTest    : Started CustomerAcceptanceTest in 0.639 seconds (JVM running for 42.894)
Request method:	POST
Request URI:	http://localhost:61034/api/customer
Proxy:			<none>
Request params:	<none>
Query params:	<none>
Form params:	<none>
Path params:	<none>
Headers:		Accept=application/json
				Content-Type=application/json
Cookies:		<none>
Multiparts:		<none>
Body:
{
    "name": "클레이",
    "email": "djwhy5510@naver.com",
    "password": "1234567891"
}
2022-08-09 16:06:02.567  INFO 72414 --- [-auto-23-exec-1] o.a.c.c.C.[Tomcat].[localhost].[/]       : Initializing Spring DispatcherServlet 'dispatcherServlet'
2022-08-09 16:06:02.568  INFO 72414 --- [-auto-23-exec-1] o.s.web.servlet.DispatcherServlet        : Initializing Servlet 'dispatcherServlet'
2022-08-09 16:06:02.568  INFO 72414 --- [-auto-23-exec-1] o.s.web.servlet.DispatcherServlet        : Completed initialization in 0 ms
HTTP/1.1 201 
Vary: Origin
Vary: Access-Control-Request-Method
Vary: Access-Control-Request-Headers
Content-Length: 0
Date: Tue, 09 Aug 2022 07:06:02 GMT
Keep-Alive: timeout=60
Connection: keep-alive
Request method:	POST
Request URI:	http://localhost:61034/api/login
Proxy:			<none>
Request params:	<none>
Query params:	<none>
Form params:	<none>
Path params:	<none>
Headers:		Accept=application/json
				Content-Type=application/json
Cookies:		<none>
Multiparts:		<none>
Body:
{
    "email": "djwhy5510@naver.com",
    "password": "1234567891"
}
HTTP/1.1 200 
Vary: Origin
Vary: Access-Control-Request-Method
Vary: Access-Control-Request-Headers
Content-Type: application/json
Transfer-Encoding: chunked
Date: Tue, 09 Aug 2022 07:06:02 GMT
Keep-Alive: timeout=60
Connection: keep-alive

{
    "accessToken": "eyJhbGciOiJIUzUxMiJ9.eyJpZCI6IjI2IiwiaWF0IjoxNjYwMDI4NzYyLCJleHAiOjE2NjAwMzIzNjJ9.1v51RsXpwJPOrwAMwxD--hAGm2fR0nXIqpmijd9fgB8Itsz4UG5OqyOJ41RYeY_yCSiETO7xvNxvQutyMI1IHw"
}
Request method:	GET
Request URI:	http://localhost:61034/api/customer
Proxy:			<none>
Request params:	<none>
Query params:	<none>
Form params:	<none>
Path params:	<none>
Headers:		Accept=application/json
Cookies:		<none>
Multiparts:		<none>
Body:			<none>
HTTP/1.1 200 
Vary: Origin
Vary: Access-Control-Request-Method
Vary: Access-Control-Request-Headers
Content-Type: application/json
Transfer-Encoding: chunked
Date: Tue, 09 Aug 2022 07:06:02 GMT
Keep-Alive: timeout=60
Connection: keep-alive

{
    "name": "클레이",
    "email": "djwhy5510@naver.com"
}
2022-08-09 16:06:02.876  INFO 72414 --- [    Test worker] com.zaxxer.hikari.HikariDataSource       : HikariPool-27 - Shutdown initiated...
2022-08-09 16:06:02.877  INFO 72414 --- [    Test worker] com.zaxxer.hikari.HikariDataSource       : HikariPool-27 - Shutdown completed.

  .   ____          _            __ _ _
 /\\ / ___'_ __ _ _(_)_ __  __ _ \ \ \ \
( ( )\___ | '_ | '_| | '_ \/ _` | \ \ \ \
 \\/  ___)| |_)| | | | | || (_| |  ) ) ) )
  '  |____| .__|_| |_|_| |_\__, | / / / /
 =========|_|==============|___/=/_/_/_/
 :: Spring Boot ::                (v2.6.6)

2022-08-09 16:06:02.906  INFO 72414 --- [    Test worker] w.s.acceptance.CustomerAcceptanceTest    : Starting CustomerAcceptanceTest using Java 15.0.7 on bagseeun-ui-MacBookPro.local with PID 72414 (started by parkseeun in /Users/parkseeun/Develop/woowacourse/level-3/sonar-cloud)
2022-08-09 16:06:02.906  INFO 72414 --- [    Test worker] w.s.acceptance.CustomerAcceptanceTest    : The following 1 profile is active: "test"
2022-08-09 16:06:03.104  INFO 72414 --- [    Test worker] o.s.b.w.embedded.tomcat.TomcatWebServer  : Tomcat initialized with port(s): 0 (http)
2022-08-09 16:06:03.104  INFO 72414 --- [    Test worker] o.apache.catalina.core.StandardService   : Starting service [Tomcat]
2022-08-09 16:06:03.105  INFO 72414 --- [    Test worker] org.apache.catalina.core.StandardEngine  : Starting Servlet engine: [Apache Tomcat/9.0.60]
2022-08-09 16:06:03.114  INFO 72414 --- [    Test worker] o.a.c.c.C.[Tomcat].[localhost].[/]       : Initializing Spring embedded WebApplicationContext
2022-08-09 16:06:03.114  INFO 72414 --- [    Test worker] w.s.c.ServletWebServerApplicationContext : Root WebApplicationContext: initialization completed in 206 ms
2022-08-09 16:06:03.165  INFO 72414 --- [    Test worker] com.zaxxer.hikari.HikariDataSource       : HikariPool-28 - Starting...
2022-08-09 16:06:03.169  INFO 72414 --- [    Test worker] com.zaxxer.hikari.HikariDataSource       : HikariPool-28 - Start completed.
2022-08-09 16:06:03.435  INFO 72414 --- [    Test worker] o.s.b.w.embedded.tomcat.TomcatWebServer  : Tomcat started on port(s): 61039 (http) with context path ''
2022-08-09 16:06:03.437  INFO 72414 --- [    Test worker] w.s.acceptance.CustomerAcceptanceTest    : Started CustomerAcceptanceTest in 0.558 seconds (JVM running for 43.794)
Request method:	POST
Request URI:	http://localhost:61039/api/customer
Proxy:			<none>
Request params:	<none>
Query params:	<none>
Form params:	<none>
Path params:	<none>
Headers:		Accept=application/json
				Content-Type=application/json
Cookies:		<none>
Multiparts:		<none>
Body:
{
    "name": "클레이",
    "email": "djwhy5510@naver.com",
    "password": "1234567891"
}
2022-08-09 16:06:03.456  INFO 72414 --- [-auto-24-exec-1] o.a.c.c.C.[Tomcat].[localhost].[/]       : Initializing Spring DispatcherServlet 'dispatcherServlet'
2022-08-09 16:06:03.456  INFO 72414 --- [-auto-24-exec-1] o.s.web.servlet.DispatcherServlet        : Initializing Servlet 'dispatcherServlet'
2022-08-09 16:06:03.456  INFO 72414 --- [-auto-24-exec-1] o.s.web.servlet.DispatcherServlet        : Completed initialization in 0 ms
HTTP/1.1 201 
Vary: Origin
Vary: Access-Control-Request-Method
Vary: Access-Control-Request-Headers
Content-Length: 0
Date: Tue, 09 Aug 2022 07:06:02 GMT
Keep-Alive: timeout=60
Connection: keep-alive
2022-08-09 16:06:03.571  INFO 72414 --- [    Test worker] com.zaxxer.hikari.HikariDataSource       : HikariPool-28 - Shutdown initiated...
2022-08-09 16:06:03.571  INFO 72414 --- [    Test worker] com.zaxxer.hikari.HikariDataSource       : HikariPool-28 - Shutdown completed.

  .   ____          _            __ _ _
 /\\ / ___'_ __ _ _(_)_ __  __ _ \ \ \ \
( ( )\___ | '_ | '_| | '_ \/ _` | \ \ \ \
 \\/  ___)| |_)| | | | | || (_| |  ) ) ) )
  '  |____| .__|_| |_|_| |_\__, | / / / /
 =========|_|==============|___/=/_/_/_/
 :: Spring Boot ::                (v2.6.6)

2022-08-09 16:06:03.589  INFO 72414 --- [    Test worker] w.s.acceptance.CustomerAcceptanceTest    : Starting CustomerAcceptanceTest using Java 15.0.7 on bagseeun-ui-MacBookPro.local with PID 72414 (started by parkseeun in /Users/parkseeun/Develop/woowacourse/level-3/sonar-cloud)
2022-08-09 16:06:03.589  INFO 72414 --- [    Test worker] w.s.acceptance.CustomerAcceptanceTest    : The following 1 profile is active: "test"
2022-08-09 16:06:03.809  INFO 72414 --- [    Test worker] o.s.b.w.embedded.tomcat.TomcatWebServer  : Tomcat initialized with port(s): 0 (http)
2022-08-09 16:06:03.809  INFO 72414 --- [    Test worker] o.apache.catalina.core.StandardService   : Starting service [Tomcat]
2022-08-09 16:06:03.809  INFO 72414 --- [    Test worker] org.apache.catalina.core.StandardEngine  : Starting Servlet engine: [Apache Tomcat/9.0.60]
2022-08-09 16:06:03.817  INFO 72414 --- [    Test worker] o.a.c.c.C.[Tomcat].[localhost].[/]       : Initializing Spring embedded WebApplicationContext
2022-08-09 16:06:03.817  INFO 72414 --- [    Test worker] w.s.c.ServletWebServerApplicationContext : Root WebApplicationContext: initialization completed in 225 ms
2022-08-09 16:06:03.854  INFO 72414 --- [    Test worker] com.zaxxer.hikari.HikariDataSource       : HikariPool-29 - Starting...
2022-08-09 16:06:03.856  INFO 72414 --- [    Test worker] com.zaxxer.hikari.HikariDataSource       : HikariPool-29 - Start completed.
2022-08-09 16:06:04.101  INFO 72414 --- [    Test worker] o.s.b.w.embedded.tomcat.TomcatWebServer  : Tomcat started on port(s): 61043 (http) with context path ''
2022-08-09 16:06:04.103  INFO 72414 --- [    Test worker] w.s.acceptance.CustomerAcceptanceTest    : Started CustomerAcceptanceTest in 0.53 seconds (JVM running for 44.46)
Request method:	POST
Request URI:	http://localhost:61043/api/customer
Proxy:			<none>
Request params:	<none>
Query params:	<none>
Form params:	<none>
Path params:	<none>
Headers:		Accept=application/json
				Content-Type=application/json
Cookies:		<none>
Multiparts:		<none>
Body:
{
    "name": "클레이",
    "email": "djwhy5510@naver.com",
    "password": "1234567891"
}
2022-08-09 16:06:04.119  INFO 72414 --- [-auto-25-exec-1] o.a.c.c.C.[Tomcat].[localhost].[/]       : Initializing Spring DispatcherServlet 'dispatcherServlet'
2022-08-09 16:06:04.120  INFO 72414 --- [-auto-25-exec-1] o.s.web.servlet.DispatcherServlet        : Initializing Servlet 'dispatcherServlet'
2022-08-09 16:06:04.120  INFO 72414 --- [-auto-25-exec-1] o.s.web.servlet.DispatcherServlet        : Completed initialization in 0 ms
HTTP/1.1 201 
Vary: Origin
Vary: Access-Control-Request-Method
Vary: Access-Control-Request-Headers
Content-Length: 0
Date: Tue, 09 Aug 2022 07:06:04 GMT
Keep-Alive: timeout=60
Connection: keep-alive
Request method:	POST
Request URI:	http://localhost:61043/api/login
Proxy:			<none>
Request params:	<none>
Query params:	<none>
Form params:	<none>
Path params:	<none>
Headers:		Accept=application/json
				Content-Type=application/json
Cookies:		<none>
Multiparts:		<none>
Body:
{
    "email": "djwhy5510@naver.com",
    "password": "1234567891"
}
HTTP/1.1 200 
Vary: Origin
Vary: Access-Control-Request-Method
Vary: Access-Control-Request-Headers
Content-Type: application/json
Transfer-Encoding: chunked
Date: Tue, 09 Aug 2022 07:06:04 GMT
Keep-Alive: timeout=60
Connection: keep-alive

{
    "accessToken": "eyJhbGciOiJIUzUxMiJ9.eyJpZCI6IjI2IiwiaWF0IjoxNjYwMDI4NzY0LCJleHAiOjE2NjAwMzIzNjR9.C9zP3ce23rsN3Y8nQpF-M3XGi8xHm3UdRDKJvPtfsUUUtdpmB38XZ6zDH2f9rcRA7-s4b8oZUAGDe-TtzCfgxA"
}
Request method:	PUT
Request URI:	http://localhost:61043/api/customer/profile
Proxy:			<none>
Request params:	<none>
Query params:	<none>
Form params:	<none>
Path params:	<none>
Headers:		Accept=application/json
				Content-Type=application/json
Cookies:		<none>
Multiparts:		<none>
Body:
{
    "name": "썬"
}
HTTP/1.1 204 
Vary: Origin
Vary: Access-Control-Request-Method
Vary: Access-Control-Request-Headers
Date: Tue, 09 Aug 2022 07:06:04 GMT
Keep-Alive: timeout=60
Connection: keep-alive
2022-08-09 16:06:04.396  INFO 72414 --- [    Test worker] com.zaxxer.hikari.HikariDataSource       : HikariPool-29 - Shutdown initiated...
2022-08-09 16:06:04.397  INFO 72414 --- [    Test worker] com.zaxxer.hikari.HikariDataSource       : HikariPool-29 - Shutdown completed.

  .   ____          _            __ _ _
 /\\ / ___'_ __ _ _(_)_ __  __ _ \ \ \ \
( ( )\___ | '_ | '_| | '_ \/ _` | \ \ \ \
 \\/  ___)| |_)| | | | | || (_| |  ) ) ) )
  '  |____| .__|_| |_|_| |_\__, | / / / /
 =========|_|==============|___/=/_/_/_/
 :: Spring Boot ::                (v2.6.6)

2022-08-09 16:06:04.413  INFO 72414 --- [    Test worker] w.s.acceptance.CustomerAcceptanceTest    : Starting CustomerAcceptanceTest using Java 15.0.7 on bagseeun-ui-MacBookPro.local with PID 72414 (started by parkseeun in /Users/parkseeun/Develop/woowacourse/level-3/sonar-cloud)
2022-08-09 16:06:04.413  INFO 72414 --- [    Test worker] w.s.acceptance.CustomerAcceptanceTest    : The following 1 profile is active: "test"
2022-08-09 16:06:04.603  INFO 72414 --- [    Test worker] o.s.b.w.embedded.tomcat.TomcatWebServer  : Tomcat initialized with port(s): 0 (http)
2022-08-09 16:06:04.604  INFO 72414 --- [    Test worker] o.apache.catalina.core.StandardService   : Starting service [Tomcat]
2022-08-09 16:06:04.604  INFO 72414 --- [    Test worker] org.apache.catalina.core.StandardEngine  : Starting Servlet engine: [Apache Tomcat/9.0.60]
2022-08-09 16:06:04.612  INFO 72414 --- [    Test worker] o.a.c.c.C.[Tomcat].[localhost].[/]       : Initializing Spring embedded WebApplicationContext
2022-08-09 16:06:04.612  INFO 72414 --- [    Test worker] w.s.c.ServletWebServerApplicationContext : Root WebApplicationContext: initialization completed in 197 ms
2022-08-09 16:06:04.656  INFO 72414 --- [    Test worker] com.zaxxer.hikari.HikariDataSource       : HikariPool-30 - Starting...
2022-08-09 16:06:04.658  INFO 72414 --- [    Test worker] com.zaxxer.hikari.HikariDataSource       : HikariPool-30 - Start completed.
2022-08-09 16:06:04.906  INFO 72414 --- [    Test worker] o.s.b.w.embedded.tomcat.TomcatWebServer  : Tomcat started on port(s): 61048 (http) with context path ''
2022-08-09 16:06:04.908  INFO 72414 --- [    Test worker] w.s.acceptance.CustomerAcceptanceTest    : Started CustomerAcceptanceTest in 0.509 seconds (JVM running for 45.264)
Request method:	POST
Request URI:	http://localhost:61048/api/customer
Proxy:			<none>
Request params:	<none>
Query params:	<none>
Form params:	<none>
Path params:	<none>
Headers:		Accept=application/json
				Content-Type=application/json
Cookies:		<none>
Multiparts:		<none>
Body:
{
    "name": "클레이",
    "email": "djwhy5510@naver.com",
    "password": "1234567891"
}
2022-08-09 16:06:04.919  INFO 72414 --- [-auto-26-exec-1] o.a.c.c.C.[Tomcat].[localhost].[/]       : Initializing Spring DispatcherServlet 'dispatcherServlet'
2022-08-09 16:06:04.919  INFO 72414 --- [-auto-26-exec-1] o.s.web.servlet.DispatcherServlet        : Initializing Servlet 'dispatcherServlet'
2022-08-09 16:06:04.919  INFO 72414 --- [-auto-26-exec-1] o.s.web.servlet.DispatcherServlet        : Completed initialization in 0 ms
HTTP/1.1 201 
Vary: Origin
Vary: Access-Control-Request-Method
Vary: Access-Control-Request-Headers
Content-Length: 0
Date: Tue, 09 Aug 2022 07:06:04 GMT
Keep-Alive: timeout=60
Connection: keep-alive
Request method:	POST
Request URI:	http://localhost:61048/api/login
Proxy:			<none>
Request params:	<none>
Query params:	<none>
Form params:	<none>
Path params:	<none>
Headers:		Accept=application/json
				Content-Type=application/json
Cookies:		<none>
Multiparts:		<none>
Body:
{
    "email": "djwhy5510@naver.com",
    "password": "1234567891"
}
HTTP/1.1 200 
Vary: Origin
Vary: Access-Control-Request-Method
Vary: Access-Control-Request-Headers
Content-Type: application/json
Transfer-Encoding: chunked
Date: Tue, 09 Aug 2022 07:06:04 GMT
Keep-Alive: timeout=60
Connection: keep-alive

{
    "accessToken": "eyJhbGciOiJIUzUxMiJ9.eyJpZCI6IjI2IiwiaWF0IjoxNjYwMDI4NzY1LCJleHAiOjE2NjAwMzIzNjV9.tiDwQ5MOd47ZRepd40OqtRqyyUV9HbHen1oq2m493PYtYaPC7oOIQuOgt7440tkS6F89gZuv64I-4x7TRdervw"
}
Request method:	DELETE
Request URI:	http://localhost:61048/api/customer
Proxy:			<none>
Request params:	<none>
Query params:	<none>
Form params:	<none>
Path params:	<none>
Headers:		Accept=application/json
				Content-Type=application/json
Cookies:		<none>
Multiparts:		<none>
Body:
{
    "password": "1234567891"
}
HTTP/1.1 204 
Vary: Origin
Vary: Access-Control-Request-Method
Vary: Access-Control-Request-Headers
Date: Tue, 09 Aug 2022 07:06:05 GMT
Keep-Alive: timeout=60
Connection: keep-alive
2022-08-09 16:06:05.269  INFO 72414 --- [    Test worker] com.zaxxer.hikari.HikariDataSource       : HikariPool-30 - Shutdown initiated...
2022-08-09 16:06:05.270  INFO 72414 --- [    Test worker] com.zaxxer.hikari.HikariDataSource       : HikariPool-30 - Shutdown completed.

  .   ____          _            __ _ _
 /\\ / ___'_ __ _ _(_)_ __  __ _ \ \ \ \
( ( )\___ | '_ | '_| | '_ \/ _` | \ \ \ \
 \\/  ___)| |_)| | | | | || (_| |  ) ) ) )
  '  |____| .__|_| |_|_| |_\__, | / / / /
 =========|_|==============|___/=/_/_/_/
 :: Spring Boot ::                (v2.6.6)

2022-08-09 16:06:05.290  INFO 72414 --- [    Test worker] w.s.acceptance.CustomerAcceptanceTest    : Starting CustomerAcceptanceTest using Java 15.0.7 on bagseeun-ui-MacBookPro.local with PID 72414 (started by parkseeun in /Users/parkseeun/Develop/woowacourse/level-3/sonar-cloud)
2022-08-09 16:06:05.290  INFO 72414 --- [    Test worker] w.s.acceptance.CustomerAcceptanceTest    : The following 1 profile is active: "test"
2022-08-09 16:06:05.471  INFO 72414 --- [    Test worker] o.s.b.w.embedded.tomcat.TomcatWebServer  : Tomcat initialized with port(s): 0 (http)
2022-08-09 16:06:05.471  INFO 72414 --- [    Test worker] o.apache.catalina.core.StandardService   : Starting service [Tomcat]
2022-08-09 16:06:05.472  INFO 72414 --- [    Test worker] org.apache.catalina.core.StandardEngine  : Starting Servlet engine: [Apache Tomcat/9.0.60]
2022-08-09 16:06:05.481  INFO 72414 --- [    Test worker] o.a.c.c.C.[Tomcat].[localhost].[/]       : Initializing Spring embedded WebApplicationContext
2022-08-09 16:06:05.481  INFO 72414 --- [    Test worker] w.s.c.ServletWebServerApplicationContext : Root WebApplicationContext: initialization completed in 190 ms
2022-08-09 16:06:05.528  INFO 72414 --- [    Test worker] com.zaxxer.hikari.HikariDataSource       : HikariPool-31 - Starting...
2022-08-09 16:06:05.530  INFO 72414 --- [    Test worker] com.zaxxer.hikari.HikariDataSource       : HikariPool-31 - Start completed.
2022-08-09 16:06:05.866  INFO 72414 --- [    Test worker] o.s.b.w.embedded.tomcat.TomcatWebServer  : Tomcat started on port(s): 61053 (http) with context path ''
2022-08-09 16:06:05.876  INFO 72414 --- [    Test worker] w.s.acceptance.CustomerAcceptanceTest    : Started CustomerAcceptanceTest in 0.605 seconds (JVM running for 46.232)
Request method:	POST
Request URI:	http://localhost:61053/api/customer
Proxy:			<none>
Request params:	<none>
Query params:	<none>
Form params:	<none>
Path params:	<none>
Headers:		Accept=application/json
				Content-Type=application/json
Cookies:		<none>
Multiparts:		<none>
Body:
{
    "name": "클레이",
    "email": "djwhy5510@naver.com",
    "password": "1234567891"
}
2022-08-09 16:06:05.965  INFO 72414 --- [-auto-27-exec-1] o.a.c.c.C.[Tomcat].[localhost].[/]       : Initializing Spring DispatcherServlet 'dispatcherServlet'
2022-08-09 16:06:05.966  INFO 72414 --- [-auto-27-exec-1] o.s.web.servlet.DispatcherServlet        : Initializing Servlet 'dispatcherServlet'
2022-08-09 16:06:05.967  INFO 72414 --- [-auto-27-exec-1] o.s.web.servlet.DispatcherServlet        : Completed initialization in 1 ms
HTTP/1.1 201 
Vary: Origin
Vary: Access-Control-Request-Method
Vary: Access-Control-Request-Headers
Content-Length: 0
Date: Tue, 09 Aug 2022 07:06:05 GMT
Keep-Alive: timeout=60
Connection: keep-alive
Request method:	POST
Request URI:	http://localhost:61053/api/login
Proxy:			<none>
Request params:	<none>
Query params:	<none>
Form params:	<none>
Path params:	<none>
Headers:		Accept=application/json
				Content-Type=application/json
Cookies:		<none>
Multiparts:		<none>
Body:
{
    "email": "djwhy5510@naver.com",
    "password": "1234567891"
}
HTTP/1.1 200 
Vary: Origin
Vary: Access-Control-Request-Method
Vary: Access-Control-Request-Headers
Content-Type: application/json
Transfer-Encoding: chunked
Date: Tue, 09 Aug 2022 07:06:06 GMT
Keep-Alive: timeout=60
Connection: keep-alive

{
    "accessToken": "eyJhbGciOiJIUzUxMiJ9.eyJpZCI6IjI2IiwiaWF0IjoxNjYwMDI4NzY2LCJleHAiOjE2NjAwMzIzNjZ9.acV_oNa3XeRSFa8xHsH5V5lK8irzdZAbWDDGDgJggXX5eXYC8-zvrqoj-jEXYDBQU6jdzWBmD-7yu5FGwuGddA"
}
Request method:	PUT
Request URI:	http://localhost:61053/api/customer/password
Proxy:			<none>
Request params:	<none>
Query params:	<none>
Form params:	<none>
Path params:	<none>
Headers:		Accept=application/json
				Content-Type=application/json
Cookies:		<none>
Multiparts:		<none>
Body:
{
    "oldPassword": "1234567891",
    "newPassword": "newpassword123"
}
HTTP/1.1 204 
Vary: Origin
Vary: Access-Control-Request-Method
Vary: Access-Control-Request-Headers
Date: Tue, 09 Aug 2022 07:06:06 GMT
Keep-Alive: timeout=60
Connection: keep-alive
]]></system-out>
  <system-err><![CDATA[]]></system-err>
</testsuite>
