<?xml version="1.0" encoding="UTF-8"?>
<testsuite name="woowacourse.shoppingcart.application.OrderServiceTest" tests="5" skipped="0" failures="0" errors="0" timestamp="2022-08-09T07:06:07" hostname="bagseeun-ui-MacBookPro.local" time="0.088">
  <properties/>
  <testcase name="장바구니 상품들을 주문한다." classname="woowacourse.shoppingcart.application.OrderServiceTest" time="0.075"/>
  <testcase name="주문시 존재하지 않는 상품일 경우 예외를 던진다." classname="woowacourse.shoppingcart.application.OrderServiceTest" time="0.002"/>
  <testcase name="단일 주문을 조회한다." classname="woowacourse.shoppingcart.application.OrderServiceTest" time="0.003"/>
  <testcase name="주문 목록을 조회한다." classname="woowacourse.shoppingcart.application.OrderServiceTest" time="0.002"/>
  <testcase name="단일 주문을 조회한다." classname="woowacourse.shoppingcart.application.OrderServiceTest" time="0.003"/>
  <system-out><![CDATA[]]></system-out>
  <system-err><![CDATA[]]></system-err>
</testsuite>
