<?xml version="1.0" encoding="UTF-8"?>
<testsuite name="woowacourse.shoppingcart.ui.CustomerControllerTest" tests="8" skipped="0" failures="0" errors="0" timestamp="2022-08-09T07:05:39" hostname="bagseeun-ui-MacBookPro.local" time="1.396">
  <properties/>
  <testcase name="회원의 정보를 수정한다." classname="woowacourse.shoppingcart.ui.CustomerControllerTest" time="0.132"/>
  <testcase name="회원을 탈퇴한다." classname="woowacourse.shoppingcart.ui.CustomerControllerTest" time="0.188"/>
  <testcase name="id를 통해 회원을 조회한다." classname="woowacourse.shoppingcart.ui.CustomerControllerTest" time="0.134"/>
  <testcase name="회원가입을 한다." classname="woowacourse.shoppingcart.ui.CustomerControllerTest" time="0.096"/>
  <testcase name="회원 탈퇴시 비밀번호가 일치하지 않을 경우 예외가 발생한다." classname="woowacourse.shoppingcart.ui.CustomerControllerTest" time="0.191"/>
  <testcase name="회원가입시 동일한 이메일이 존재하는 경우 예외가 발생한다." classname="woowacourse.shoppingcart.ui.CustomerControllerTest" time="0.184"/>
  <testcase name="회원의 비밀번호 수정시 기존 비밀번호가 일치하지 않을 경우 예외가 발생한다." classname="woowacourse.shoppingcart.ui.CustomerControllerTest" time="0.185"/>
  <testcase name="회원의 비밀번호를 수정한다." classname="woowacourse.shoppingcart.ui.CustomerControllerTest" time="0.275"/>
  <system-out><![CDATA[2022-08-09 16:05:39.329  INFO 72414 --- [    Test worker] .b.t.c.SpringBootTestContextBootstrapper : Neither @ContextConfiguration nor @ContextHierarchy found for test class [woowacourse.shoppingcart.ui.CustomerControllerTest], using SpringBootContextLoader
2022-08-09 16:05:39.332  INFO 72414 --- [    Test worker] o.s.t.c.support.AbstractContextLoader    : Could not detect default resource locations for test class [woowacourse.shoppingcart.ui.CustomerControllerTest]: no resource found for suffixes {-context.xml, Context.groovy}.
2022-08-09 16:05:39.332  INFO 72414 --- [    Test worker] t.c.s.AnnotationConfigContextLoaderUtils : Could not detect default configuration classes for test class [woowacourse.shoppingcart.ui.CustomerControllerTest]: CustomerControllerTest does not declare any static, non-private, non-final, nested classes annotated with @Configuration.
2022-08-09 16:05:39.341  INFO 72414 --- [    Test worker] .b.t.c.SpringBootTestContextBootstrapper : Found @SpringBootConfiguration woowacourse.Application for test class woowacourse.shoppingcart.ui.CustomerControllerTest
2022-08-09 16:05:39.342  INFO 72414 --- [    Test worker] .b.t.c.SpringBootTestContextBootstrapper : Loaded default TestExecutionListener class names from location [META-INF/spring.factories]: [org.springframework.boot.test.autoconfigure.restdocs.RestDocsTestExecutionListener, org.springframework.boot.test.autoconfigure.web.client.MockRestServiceServerResetTestExecutionListener, org.springframework.boot.test.autoconfigure.web.servlet.MockMvcPrintOnlyOnFailureTestExecutionListener, org.springframework.boot.test.autoconfigure.web.servlet.WebDriverTestExecutionListener, org.springframework.boot.test.autoconfigure.webservices.client.MockWebServiceServerTestExecutionListener, org.springframework.boot.test.mock.mockito.MockitoTestExecutionListener, org.springframework.boot.test.mock.mockito.ResetMocksTestExecutionListener, org.springframework.test.context.web.ServletTestExecutionListener, org.springframework.test.context.support.DirtiesContextBeforeModesTestExecutionListener, org.springframework.test.context.event.ApplicationEventsTestExecutionListener, org.springframework.test.context.support.DependencyInjectionTestExecutionListener, org.springframework.test.context.support.DirtiesContextTestExecutionListener, org.springframework.test.context.transaction.TransactionalTestExecutionListener, org.springframework.test.context.jdbc.SqlScriptsTestExecutionListener, org.springframework.test.context.event.EventPublishingTestExecutionListener]
2022-08-09 16:05:39.343  INFO 72414 --- [    Test worker] .b.t.c.SpringBootTestContextBootstrapper : Using TestExecutionListeners: [org.springframework.test.context.web.ServletTestExecutionListener@e29afb8, org.springframework.test.context.support.DirtiesContextBeforeModesTestExecutionListener@2e6952e1, org.springframework.test.context.event.ApplicationEventsTestExecutionListener@1de88a4e, org.springframework.boot.test.mock.mockito.MockitoTestExecutionListener@53438c15, org.springframework.boot.test.autoconfigure.SpringBootDependencyInjectionTestExecutionListener@10d4adaa, org.springframework.test.context.support.DirtiesContextTestExecutionListener@744e0b0b, org.springframework.test.context.transaction.TransactionalTestExecutionListener@2dad4536, org.springframework.test.context.jdbc.SqlScriptsTestExecutionListener@624147b2, org.springframework.test.context.event.EventPublishingTestExecutionListener@574d1fad, org.springframework.boot.test.autoconfigure.restdocs.RestDocsTestExecutionListener@535f501c, org.springframework.boot.test.autoconfigure.web.client.MockRestServiceServerResetTestExecutionListener@149c2bb4, org.springframework.boot.test.autoconfigure.web.servlet.MockMvcPrintOnlyOnFailureTestExecutionListener@7c088242, org.springframework.boot.test.autoconfigure.web.servlet.WebDriverTestExecutionListener@43875a19, org.springframework.boot.test.autoconfigure.webservices.client.MockWebServiceServerTestExecutionListener@6af12dc5, org.springframework.boot.test.mock.mockito.ResetMocksTestExecutionListener@1fc56aa4]
]]></system-out>
  <system-err><![CDATA[]]></system-err>
</testsuite>
