<?xml version="1.0" encoding="UTF-8"?>
<testsuite name="상품 관련 기능" tests="6" skipped="0" failures="0" errors="0" timestamp="2022-08-09T07:05:44" hostname="bagseeun-ui-MacBookPro.local" time="5.515">
  <properties/>
  <testcase name="상품을 삭제한다." classname="woowacourse.shoppingcart.acceptance.ProductAcceptanceTest" time="0.93"/>
  <testcase name="상품 조회시 존재하지 않는 상품일 경우 404 응답을 반환한다." classname="woowacourse.shoppingcart.acceptance.ProductAcceptanceTest" time="0.706"/>
  <testcase name="상품을 조회한다." classname="woowacourse.shoppingcart.acceptance.ProductAcceptanceTest" time="0.648"/>
  <testcase name="상품 목록을 조회한다." classname="woowacourse.shoppingcart.acceptance.ProductAcceptanceTest" time="1.193"/>
  <testcase name="상품 삭제시 존재하지 않는 상품일 경우 404 응답을 반환한다." classname="woowacourse.shoppingcart.acceptance.ProductAcceptanceTest" time="1.199"/>
  <testcase name="상품을 추가한다." classname="woowacourse.shoppingcart.acceptance.ProductAcceptanceTest" time="0.82"/>
  <system-out><![CDATA[2022-08-09 16:05:44.357  INFO 72414 --- [    Test worker] .b.t.c.SpringBootTestContextBootstrapper : Neither @ContextConfiguration nor @ContextHierarchy found for test class [woowacourse.shoppingcart.acceptance.ProductAcceptanceTest], using SpringBootContextLoader
2022-08-09 16:05:44.358  INFO 72414 --- [    Test worker] o.s.t.c.support.AbstractContextLoader    : Could not detect default resource locations for test class [woowacourse.shoppingcart.acceptance.ProductAcceptanceTest]: no resource found for suffixes {-context.xml, Context.groovy}.
2022-08-09 16:05:44.358  INFO 72414 --- [    Test worker] t.c.s.AnnotationConfigContextLoaderUtils : Could not detect default configuration classes for test class [woowacourse.shoppingcart.acceptance.ProductAcceptanceTest]: ProductAcceptanceTest does not declare any static, non-private, non-final, nested classes annotated with @Configuration.
2022-08-09 16:05:44.374  INFO 72414 --- [    Test worker] .b.t.c.SpringBootTestContextBootstrapper : Found @SpringBootConfiguration woowacourse.Application for test class woowacourse.shoppingcart.acceptance.ProductAcceptanceTest
2022-08-09 16:05:44.377  INFO 72414 --- [    Test worker] .b.t.c.SpringBootTestContextBootstrapper : Loaded default TestExecutionListener class names from location [META-INF/spring.factories]: [org.springframework.boot.test.autoconfigure.restdocs.RestDocsTestExecutionListener, org.springframework.boot.test.autoconfigure.web.client.MockRestServiceServerResetTestExecutionListener, org.springframework.boot.test.autoconfigure.web.servlet.MockMvcPrintOnlyOnFailureTestExecutionListener, org.springframework.boot.test.autoconfigure.web.servlet.WebDriverTestExecutionListener, org.springframework.boot.test.autoconfigure.webservices.client.MockWebServiceServerTestExecutionListener, org.springframework.boot.test.mock.mockito.MockitoTestExecutionListener, org.springframework.boot.test.mock.mockito.ResetMocksTestExecutionListener, org.springframework.test.context.web.ServletTestExecutionListener, org.springframework.test.context.support.DirtiesContextBeforeModesTestExecutionListener, org.springframework.test.context.event.ApplicationEventsTestExecutionListener, org.springframework.test.context.support.DependencyInjectionTestExecutionListener, org.springframework.test.context.support.DirtiesContextTestExecutionListener, org.springframework.test.context.transaction.TransactionalTestExecutionListener, org.springframework.test.context.jdbc.SqlScriptsTestExecutionListener, org.springframework.test.context.event.EventPublishingTestExecutionListener]
2022-08-09 16:05:44.378  INFO 72414 --- [    Test worker] .b.t.c.SpringBootTestContextBootstrapper : Using TestExecutionListeners: [org.springframework.test.context.web.ServletTestExecutionListener@196cb6f2, org.springframework.test.context.support.DirtiesContextBeforeModesTestExecutionListener@acc06d5, org.springframework.test.context.event.ApplicationEventsTestExecutionListener@11cb5e9, org.springframework.boot.test.mock.mockito.MockitoTestExecutionListener@6b39c821, org.springframework.boot.test.autoconfigure.SpringBootDependencyInjectionTestExecutionListener@179e2892, org.springframework.test.context.support.DirtiesContextTestExecutionListener@7d0e6e1a, org.springframework.test.context.transaction.TransactionalTestExecutionListener@19d93faf, org.springframework.test.context.jdbc.SqlScriptsTestExecutionListener@3c849475, org.springframework.test.context.event.EventPublishingTestExecutionListener@5a38e1cf, org.springframework.boot.test.autoconfigure.restdocs.RestDocsTestExecutionListener@54c83a2c, org.springframework.boot.test.autoconfigure.web.client.MockRestServiceServerResetTestExecutionListener@4bc535d, org.springframework.boot.test.autoconfigure.web.servlet.MockMvcPrintOnlyOnFailureTestExecutionListener@1c034883, org.springframework.boot.test.autoconfigure.web.servlet.WebDriverTestExecutionListener@128f455, org.springframework.boot.test.autoconfigure.webservices.client.MockWebServiceServerTestExecutionListener@1424a706, org.springframework.boot.test.mock.mockito.ResetMocksTestExecutionListener@72e42864]
2022-08-09 16:05:44.411  INFO 72414 --- [    Test worker] com.zaxxer.hikari.HikariDataSource       : HikariPool-7 - Shutdown initiated...
2022-08-09 16:05:44.413  INFO 72414 --- [    Test worker] com.zaxxer.hikari.HikariDataSource       : HikariPool-7 - Shutdown completed.

  .   ____          _            __ _ _
 /\\ / ___'_ __ _ _(_)_ __  __ _ \ \ \ \
( ( )\___ | '_ | '_| | '_ \/ _` | \ \ \ \
 \\/  ___)| |_)| | | | | || (_| |  ) ) ) )
  '  |____| .__|_| |_|_| |_\__, | / / / /
 =========|_|==============|___/=/_/_/_/
 :: Spring Boot ::                (v2.6.6)

2022-08-09 16:05:44.459  INFO 72414 --- [    Test worker] w.s.acceptance.ProductAcceptanceTest     : Starting ProductAcceptanceTest using Java 15.0.7 on bagseeun-ui-MacBookPro.local with PID 72414 (started by parkseeun in /Users/parkseeun/Develop/woowacourse/level-3/sonar-cloud)
2022-08-09 16:05:44.459  INFO 72414 --- [    Test worker] w.s.acceptance.ProductAcceptanceTest     : The following 1 profile is active: "test"
2022-08-09 16:05:44.723  INFO 72414 --- [    Test worker] o.s.b.w.embedded.tomcat.TomcatWebServer  : Tomcat initialized with port(s): 0 (http)
2022-08-09 16:05:44.725  INFO 72414 --- [    Test worker] o.apache.catalina.core.StandardService   : Starting service [Tomcat]
2022-08-09 16:05:44.725  INFO 72414 --- [    Test worker] org.apache.catalina.core.StandardEngine  : Starting Servlet engine: [Apache Tomcat/9.0.60]
2022-08-09 16:05:44.736  INFO 72414 --- [    Test worker] o.a.c.c.C.[Tomcat].[localhost].[/]       : Initializing Spring embedded WebApplicationContext
2022-08-09 16:05:44.737  INFO 72414 --- [    Test worker] w.s.c.ServletWebServerApplicationContext : Root WebApplicationContext: initialization completed in 275 ms
2022-08-09 16:05:44.792  INFO 72414 --- [    Test worker] com.zaxxer.hikari.HikariDataSource       : HikariPool-11 - Starting...
2022-08-09 16:05:44.797  INFO 72414 --- [    Test worker] com.zaxxer.hikari.HikariDataSource       : HikariPool-11 - Start completed.
2022-08-09 16:05:45.121  INFO 72414 --- [    Test worker] o.s.b.w.embedded.tomcat.TomcatWebServer  : Tomcat started on port(s): 60922 (http) with context path ''
2022-08-09 16:05:45.124  INFO 72414 --- [    Test worker] w.s.acceptance.ProductAcceptanceTest     : Started ProductAcceptanceTest in 0.708 seconds (JVM running for 25.48)
Request method:	POST
Request URI:	http://localhost:60922/api/products
Proxy:			<none>
Request params:	<none>
Query params:	<none>
Form params:	<none>
Path params:	<none>
Headers:		Accept=*/*
				Content-Type=application/json
Cookies:		<none>
Multiparts:		<none>
Body:
{
    "name": "치킨",
    "price": 10000,
    "imageUrl": "http://example.com/chicken.jpg"
}
2022-08-09 16:05:45.186  INFO 72414 --- [o-auto-7-exec-1] o.a.c.c.C.[Tomcat].[localhost].[/]       : Initializing Spring DispatcherServlet 'dispatcherServlet'
2022-08-09 16:05:45.187  INFO 72414 --- [o-auto-7-exec-1] o.s.web.servlet.DispatcherServlet        : Initializing Servlet 'dispatcherServlet'
2022-08-09 16:05:45.188  INFO 72414 --- [o-auto-7-exec-1] o.s.web.servlet.DispatcherServlet        : Completed initialization in 1 ms
HTTP/1.1 201 
Vary: Origin
Vary: Access-Control-Request-Method
Vary: Access-Control-Request-Headers
Location: /api/products/6
Content-Length: 0
Date: Tue, 09 Aug 2022 07:05:45 GMT
Keep-Alive: timeout=60
Connection: keep-alive
Request method:	DELETE
Request URI:	http://localhost:60922/api/products/6
Proxy:			<none>
Request params:	<none>
Query params:	<none>
Form params:	<none>
Path params:	<none>
Headers:		Accept=*/*
				Content-Type=application/json
Cookies:		<none>
Multiparts:		<none>
Body:			<none>
HTTP/1.1 204 
Vary: Origin
Vary: Access-Control-Request-Method
Vary: Access-Control-Request-Headers
Date: Tue, 09 Aug 2022 07:05:45 GMT
Keep-Alive: timeout=60
Connection: keep-alive
2022-08-09 16:05:45.335  INFO 72414 --- [    Test worker] com.zaxxer.hikari.HikariDataSource       : HikariPool-11 - Shutdown initiated...
2022-08-09 16:05:45.337  INFO 72414 --- [    Test worker] com.zaxxer.hikari.HikariDataSource       : HikariPool-11 - Shutdown completed.

  .   ____          _            __ _ _
 /\\ / ___'_ __ _ _(_)_ __  __ _ \ \ \ \
( ( )\___ | '_ | '_| | '_ \/ _` | \ \ \ \
 \\/  ___)| |_)| | | | | || (_| |  ) ) ) )
  '  |____| .__|_| |_|_| |_\__, | / / / /
 =========|_|==============|___/=/_/_/_/
 :: Spring Boot ::                (v2.6.6)

2022-08-09 16:05:45.373  INFO 72414 --- [    Test worker] w.s.acceptance.ProductAcceptanceTest     : Starting ProductAcceptanceTest using Java 15.0.7 on bagseeun-ui-MacBookPro.local with PID 72414 (started by parkseeun in /Users/parkseeun/Develop/woowacourse/level-3/sonar-cloud)
2022-08-09 16:05:45.374  INFO 72414 --- [    Test worker] w.s.acceptance.ProductAcceptanceTest     : The following 1 profile is active: "test"
2022-08-09 16:05:45.610  INFO 72414 --- [    Test worker] o.s.b.w.embedded.tomcat.TomcatWebServer  : Tomcat initialized with port(s): 0 (http)
2022-08-09 16:05:45.611  INFO 72414 --- [    Test worker] o.apache.catalina.core.StandardService   : Starting service [Tomcat]
2022-08-09 16:05:45.611  INFO 72414 --- [    Test worker] org.apache.catalina.core.StandardEngine  : Starting Servlet engine: [Apache Tomcat/9.0.60]
2022-08-09 16:05:45.625  INFO 72414 --- [    Test worker] o.a.c.c.C.[Tomcat].[localhost].[/]       : Initializing Spring embedded WebApplicationContext
2022-08-09 16:05:45.625  INFO 72414 --- [    Test worker] w.s.c.ServletWebServerApplicationContext : Root WebApplicationContext: initialization completed in 249 ms
2022-08-09 16:05:45.683  INFO 72414 --- [    Test worker] com.zaxxer.hikari.HikariDataSource       : HikariPool-12 - Starting...
2022-08-09 16:05:45.685  INFO 72414 --- [    Test worker] com.zaxxer.hikari.HikariDataSource       : HikariPool-12 - Start completed.
2022-08-09 16:05:45.983  INFO 72414 --- [    Test worker] o.s.b.w.embedded.tomcat.TomcatWebServer  : Tomcat started on port(s): 60926 (http) with context path ''
2022-08-09 16:05:45.999  INFO 72414 --- [    Test worker] w.s.acceptance.ProductAcceptanceTest     : Started ProductAcceptanceTest in 0.659 seconds (JVM running for 26.355)
Request method:	GET
Request URI:	http://localhost:60926/api/products/100
Proxy:			<none>
Request params:	<none>
Query params:	<none>
Form params:	<none>
Path params:	<none>
Headers:		Accept=*/*
				Content-Type=application/json
Cookies:		<none>
Multiparts:		<none>
Body:			<none>
2022-08-09 16:05:46.021  INFO 72414 --- [o-auto-8-exec-1] o.a.c.c.C.[Tomcat].[localhost].[/]       : Initializing Spring DispatcherServlet 'dispatcherServlet'
2022-08-09 16:05:46.021  INFO 72414 --- [o-auto-8-exec-1] o.s.web.servlet.DispatcherServlet        : Initializing Servlet 'dispatcherServlet'
2022-08-09 16:05:46.022  INFO 72414 --- [o-auto-8-exec-1] o.s.web.servlet.DispatcherServlet        : Completed initialization in 1 ms
HTTP/1.1 404 
Vary: Origin
Vary: Access-Control-Request-Method
Vary: Access-Control-Request-Headers
Content-Type: application/json
Transfer-Encoding: chunked
Date: Tue, 09 Aug 2022 07:05:45 GMT
Keep-Alive: timeout=60
Connection: keep-alive

{
    "message": "올바르지 않은 사용자 이름이거나 상품 아이디 입니다."
}
2022-08-09 16:05:46.042  INFO 72414 --- [    Test worker] com.zaxxer.hikari.HikariDataSource       : HikariPool-12 - Shutdown initiated...
2022-08-09 16:05:46.043  INFO 72414 --- [    Test worker] com.zaxxer.hikari.HikariDataSource       : HikariPool-12 - Shutdown completed.

  .   ____          _            __ _ _
 /\\ / ___'_ __ _ _(_)_ __  __ _ \ \ \ \
( ( )\___ | '_ | '_| | '_ \/ _` | \ \ \ \
 \\/  ___)| |_)| | | | | || (_| |  ) ) ) )
  '  |____| .__|_| |_|_| |_\__, | / / / /
 =========|_|==============|___/=/_/_/_/
 :: Spring Boot ::                (v2.6.6)

2022-08-09 16:05:46.074  INFO 72414 --- [    Test worker] w.s.acceptance.ProductAcceptanceTest     : Starting ProductAcceptanceTest using Java 15.0.7 on bagseeun-ui-MacBookPro.local with PID 72414 (started by parkseeun in /Users/parkseeun/Develop/woowacourse/level-3/sonar-cloud)
2022-08-09 16:05:46.075  INFO 72414 --- [    Test worker] w.s.acceptance.ProductAcceptanceTest     : The following 1 profile is active: "test"
2022-08-09 16:05:46.271  INFO 72414 --- [    Test worker] o.s.b.w.embedded.tomcat.TomcatWebServer  : Tomcat initialized with port(s): 0 (http)
2022-08-09 16:05:46.271  INFO 72414 --- [    Test worker] o.apache.catalina.core.StandardService   : Starting service [Tomcat]
2022-08-09 16:05:46.271  INFO 72414 --- [    Test worker] org.apache.catalina.core.StandardEngine  : Starting Servlet engine: [Apache Tomcat/9.0.60]
2022-08-09 16:05:46.284  INFO 72414 --- [    Test worker] o.a.c.c.C.[Tomcat].[localhost].[/]       : Initializing Spring embedded WebApplicationContext
2022-08-09 16:05:46.284  INFO 72414 --- [    Test worker] w.s.c.ServletWebServerApplicationContext : Root WebApplicationContext: initialization completed in 208 ms
2022-08-09 16:05:46.330  INFO 72414 --- [    Test worker] com.zaxxer.hikari.HikariDataSource       : HikariPool-13 - Starting...
2022-08-09 16:05:46.333  INFO 72414 --- [    Test worker] com.zaxxer.hikari.HikariDataSource       : HikariPool-13 - Start completed.
2022-08-09 16:05:46.616  INFO 72414 --- [    Test worker] o.s.b.w.embedded.tomcat.TomcatWebServer  : Tomcat started on port(s): 60929 (http) with context path ''
2022-08-09 16:05:46.617  INFO 72414 --- [    Test worker] w.s.acceptance.ProductAcceptanceTest     : Started ProductAcceptanceTest in 0.571 seconds (JVM running for 26.974)
Request method:	POST
Request URI:	http://localhost:60929/api/products
Proxy:			<none>
Request params:	<none>
Query params:	<none>
Form params:	<none>
Path params:	<none>
Headers:		Accept=*/*
				Content-Type=application/json
Cookies:		<none>
Multiparts:		<none>
Body:
{
    "name": "치킨",
    "price": 10000,
    "imageUrl": "http://example.com/chicken.jpg"
}
2022-08-09 16:05:46.641  INFO 72414 --- [o-auto-9-exec-1] o.a.c.c.C.[Tomcat].[localhost].[/]       : Initializing Spring DispatcherServlet 'dispatcherServlet'
2022-08-09 16:05:46.641  INFO 72414 --- [o-auto-9-exec-1] o.s.web.servlet.DispatcherServlet        : Initializing Servlet 'dispatcherServlet'
2022-08-09 16:05:46.641  INFO 72414 --- [o-auto-9-exec-1] o.s.web.servlet.DispatcherServlet        : Completed initialization in 0 ms
HTTP/1.1 201 
Vary: Origin
Vary: Access-Control-Request-Method
Vary: Access-Control-Request-Headers
Location: /api/products/6
Content-Length: 0
Date: Tue, 09 Aug 2022 07:05:46 GMT
Keep-Alive: timeout=60
Connection: keep-alive
Request method:	GET
Request URI:	http://localhost:60929/api/products/6
Proxy:			<none>
Request params:	<none>
Query params:	<none>
Form params:	<none>
Path params:	<none>
Headers:		Accept=*/*
				Content-Type=application/json
Cookies:		<none>
Multiparts:		<none>
Body:			<none>
HTTP/1.1 200 
Vary: Origin
Vary: Access-Control-Request-Method
Vary: Access-Control-Request-Headers
Content-Type: application/json
Transfer-Encoding: chunked
Date: Tue, 09 Aug 2022 07:05:46 GMT
Keep-Alive: timeout=60
Connection: keep-alive

{
    "id": 6,
    "name": "치킨",
    "price": 10000,
    "imageUrl": "http://example.com/chicken.jpg"
}
2022-08-09 16:05:46.692  INFO 72414 --- [    Test worker] com.zaxxer.hikari.HikariDataSource       : HikariPool-13 - Shutdown initiated...
2022-08-09 16:05:46.695  INFO 72414 --- [    Test worker] com.zaxxer.hikari.HikariDataSource       : HikariPool-13 - Shutdown completed.

  .   ____          _            __ _ _
 /\\ / ___'_ __ _ _(_)_ __  __ _ \ \ \ \
( ( )\___ | '_ | '_| | '_ \/ _` | \ \ \ \
 \\/  ___)| |_)| | | | | || (_| |  ) ) ) )
  '  |____| .__|_| |_|_| |_\__, | / / / /
 =========|_|==============|___/=/_/_/_/
 :: Spring Boot ::                (v2.6.6)

2022-08-09 16:05:46.724  INFO 72414 --- [    Test worker] w.s.acceptance.ProductAcceptanceTest     : Starting ProductAcceptanceTest using Java 15.0.7 on bagseeun-ui-MacBookPro.local with PID 72414 (started by parkseeun in /Users/parkseeun/Develop/woowacourse/level-3/sonar-cloud)
2022-08-09 16:05:46.725  INFO 72414 --- [    Test worker] w.s.acceptance.ProductAcceptanceTest     : The following 1 profile is active: "test"
2022-08-09 16:05:46.935  INFO 72414 --- [    Test worker] o.s.b.w.embedded.tomcat.TomcatWebServer  : Tomcat initialized with port(s): 0 (http)
2022-08-09 16:05:46.939  INFO 72414 --- [    Test worker] o.apache.catalina.core.StandardService   : Starting service [Tomcat]
2022-08-09 16:05:46.940  INFO 72414 --- [    Test worker] org.apache.catalina.core.StandardEngine  : Starting Servlet engine: [Apache Tomcat/9.0.60]
2022-08-09 16:05:46.950  INFO 72414 --- [    Test worker] o.a.c.c.C.[Tomcat].[localhost].[/]       : Initializing Spring embedded WebApplicationContext
2022-08-09 16:05:46.951  INFO 72414 --- [    Test worker] w.s.c.ServletWebServerApplicationContext : Root WebApplicationContext: initialization completed in 225 ms
2022-08-09 16:05:47.056  INFO 72414 --- [    Test worker] com.zaxxer.hikari.HikariDataSource       : HikariPool-14 - Starting...
2022-08-09 16:05:47.066  INFO 72414 --- [    Test worker] com.zaxxer.hikari.HikariDataSource       : HikariPool-14 - Start completed.
2022-08-09 16:05:47.624  INFO 72414 --- [    Test worker] o.s.b.w.embedded.tomcat.TomcatWebServer  : Tomcat started on port(s): 60934 (http) with context path ''
2022-08-09 16:05:47.638  INFO 72414 --- [    Test worker] w.s.acceptance.ProductAcceptanceTest     : Started ProductAcceptanceTest in 0.94 seconds (JVM running for 27.994)
Request method:	POST
Request URI:	http://localhost:60934/api/products
Proxy:			<none>
Request params:	<none>
Query params:	<none>
Form params:	<none>
Path params:	<none>
Headers:		Accept=*/*
				Content-Type=application/json
Cookies:		<none>
Multiparts:		<none>
Body:
{
    "name": "치킨",
    "price": 10000,
    "imageUrl": "http://example.com/chicken.jpg"
}
2022-08-09 16:05:47.697  INFO 72414 --- [-auto-10-exec-1] o.a.c.c.C.[Tomcat].[localhost].[/]       : Initializing Spring DispatcherServlet 'dispatcherServlet'
2022-08-09 16:05:47.697  INFO 72414 --- [-auto-10-exec-1] o.s.web.servlet.DispatcherServlet        : Initializing Servlet 'dispatcherServlet'
2022-08-09 16:05:47.697  INFO 72414 --- [-auto-10-exec-1] o.s.web.servlet.DispatcherServlet        : Completed initialization in 0 ms
HTTP/1.1 201 
Vary: Origin
Vary: Access-Control-Request-Method
Vary: Access-Control-Request-Headers
Location: /api/products/6
Content-Length: 0
Date: Tue, 09 Aug 2022 07:05:47 GMT
Keep-Alive: timeout=60
Connection: keep-alive
Request method:	POST
Request URI:	http://localhost:60934/api/products
Proxy:			<none>
Request params:	<none>
Query params:	<none>
Form params:	<none>
Path params:	<none>
Headers:		Accept=*/*
				Content-Type=application/json
Cookies:		<none>
Multiparts:		<none>
Body:
{
    "name": "사과",
    "price": 10200,
    "imageUrl": "http://example.com/apple.jpg"
}
HTTP/1.1 201 
Vary: Origin
Vary: Access-Control-Request-Method
Vary: Access-Control-Request-Headers
Location: /api/products/7
Content-Length: 0
Date: Tue, 09 Aug 2022 07:05:47 GMT
Keep-Alive: timeout=60
Connection: keep-alive
Request method:	GET
Request URI:	http://localhost:60934/api/products?limit=10&page=1
Proxy:			<none>
Request params:	limit=10
				page=1
Query params:	<none>
Form params:	<none>
Path params:	<none>
Headers:		Accept=*/*
				Content-Type=application/json
Cookies:		<none>
Multiparts:		<none>
Body:			<none>
HTTP/1.1 200 
Vary: Origin
Vary: Access-Control-Request-Method
Vary: Access-Control-Request-Headers
Content-Type: application/json
Transfer-Encoding: chunked
Date: Tue, 09 Aug 2022 07:05:47 GMT
Keep-Alive: timeout=60
Connection: keep-alive

{
    "totalCount": 7,
    "products": [
        {
            "id": 1,
            "name": "카레밥",
            "price": 1300,
            "imageUrl": "www.naver.com/cccc.jpg"
        },
        {
            "id": 2,
            "name": "짜장밥",
            "price": 1200,
            "imageUrl": "www.naver.com/jjajang.jpg"
        },
        {
            "id": 3,
            "name": "토마토 스파게티",
            "price": 10000,
            "imageUrl": "www.naver.com/kk.jpg"
        },
        {
            "id": 4,
            "name": "로제 스파게티",
            "price": 14000,
            "imageUrl": "www.naver.com/s.jpg"
        },
        {
            "id": 5,
            "name": "핸드폰",
            "price": 1000000,
            "imageUrl": "www.naver.com/phone.jpg"
        },
        {
            "id": 6,
            "name": "치킨",
            "price": 10000,
            "imageUrl": "http://example.com/chicken.jpg"
        },
        {
            "id": 7,
            "name": "사과",
            "price": 10200,
            "imageUrl": "http://example.com/apple.jpg"
        }
    ]
}
2022-08-09 16:05:47.892  INFO 72414 --- [    Test worker] com.zaxxer.hikari.HikariDataSource       : HikariPool-14 - Shutdown initiated...
2022-08-09 16:05:47.893  INFO 72414 --- [    Test worker] com.zaxxer.hikari.HikariDataSource       : HikariPool-14 - Shutdown completed.

  .   ____          _            __ _ _
 /\\ / ___'_ __ _ _(_)_ __  __ _ \ \ \ \
( ( )\___ | '_ | '_| | '_ \/ _` | \ \ \ \
 \\/  ___)| |_)| | | | | || (_| |  ) ) ) )
  '  |____| .__|_| |_|_| |_\__, | / / / /
 =========|_|==============|___/=/_/_/_/
 :: Spring Boot ::                (v2.6.6)

2022-08-09 16:05:47.933  INFO 72414 --- [    Test worker] w.s.acceptance.ProductAcceptanceTest     : Starting ProductAcceptanceTest using Java 15.0.7 on bagseeun-ui-MacBookPro.local with PID 72414 (started by parkseeun in /Users/parkseeun/Develop/woowacourse/level-3/sonar-cloud)
2022-08-09 16:05:47.934  INFO 72414 --- [    Test worker] w.s.acceptance.ProductAcceptanceTest     : The following 1 profile is active: "test"
2022-08-09 16:05:48.369  INFO 72414 --- [    Test worker] o.s.b.w.embedded.tomcat.TomcatWebServer  : Tomcat initialized with port(s): 0 (http)
2022-08-09 16:05:48.379  INFO 72414 --- [    Test worker] o.apache.catalina.core.StandardService   : Starting service [Tomcat]
2022-08-09 16:05:48.379  INFO 72414 --- [    Test worker] org.apache.catalina.core.StandardEngine  : Starting Servlet engine: [Apache Tomcat/9.0.60]
2022-08-09 16:05:48.398  INFO 72414 --- [    Test worker] o.a.c.c.C.[Tomcat].[localhost].[/]       : Initializing Spring embedded WebApplicationContext
2022-08-09 16:05:48.399  INFO 72414 --- [    Test worker] w.s.c.ServletWebServerApplicationContext : Root WebApplicationContext: initialization completed in 461 ms
2022-08-09 16:05:48.565  INFO 72414 --- [    Test worker] com.zaxxer.hikari.HikariDataSource       : HikariPool-15 - Starting...
2022-08-09 16:05:48.587  INFO 72414 --- [    Test worker] com.zaxxer.hikari.HikariDataSource       : HikariPool-15 - Start completed.
2022-08-09 16:05:48.976  INFO 72414 --- [    Test worker] o.s.b.w.embedded.tomcat.TomcatWebServer  : Tomcat started on port(s): 60940 (http) with context path ''
2022-08-09 16:05:48.984  INFO 72414 --- [    Test worker] w.s.acceptance.ProductAcceptanceTest     : Started ProductAcceptanceTest in 1.089 seconds (JVM running for 29.34)
Request method:	GET
Request URI:	http://localhost:60940/api/products/100
Proxy:			<none>
Request params:	<none>
Query params:	<none>
Form params:	<none>
Path params:	<none>
Headers:		Accept=*/*
				Content-Type=application/json
Cookies:		<none>
Multiparts:		<none>
Body:			<none>
2022-08-09 16:05:49.051  INFO 72414 --- [-auto-11-exec-1] o.a.c.c.C.[Tomcat].[localhost].[/]       : Initializing Spring DispatcherServlet 'dispatcherServlet'
2022-08-09 16:05:49.051  INFO 72414 --- [-auto-11-exec-1] o.s.web.servlet.DispatcherServlet        : Initializing Servlet 'dispatcherServlet'
2022-08-09 16:05:49.052  INFO 72414 --- [-auto-11-exec-1] o.s.web.servlet.DispatcherServlet        : Completed initialization in 0 ms
HTTP/1.1 404 
Vary: Origin
Vary: Access-Control-Request-Method
Vary: Access-Control-Request-Headers
Content-Type: application/json
Transfer-Encoding: chunked
Date: Tue, 09 Aug 2022 07:05:49 GMT
Keep-Alive: timeout=60
Connection: keep-alive

{
    "message": "올바르지 않은 사용자 이름이거나 상품 아이디 입니다."
}
2022-08-09 16:05:49.112  INFO 72414 --- [    Test worker] com.zaxxer.hikari.HikariDataSource       : HikariPool-15 - Shutdown initiated...
2022-08-09 16:05:49.114  INFO 72414 --- [    Test worker] com.zaxxer.hikari.HikariDataSource       : HikariPool-15 - Shutdown completed.

  .   ____          _            __ _ _
 /\\ / ___'_ __ _ _(_)_ __  __ _ \ \ \ \
( ( )\___ | '_ | '_| | '_ \/ _` | \ \ \ \
 \\/  ___)| |_)| | | | | || (_| |  ) ) ) )
  '  |____| .__|_| |_|_| |_\__, | / / / /
 =========|_|==============|___/=/_/_/_/
 :: Spring Boot ::                (v2.6.6)

2022-08-09 16:05:49.195  INFO 72414 --- [    Test worker] w.s.acceptance.ProductAcceptanceTest     : Starting ProductAcceptanceTest using Java 15.0.7 on bagseeun-ui-MacBookPro.local with PID 72414 (started by parkseeun in /Users/parkseeun/Develop/woowacourse/level-3/sonar-cloud)
2022-08-09 16:05:49.195  INFO 72414 --- [    Test worker] w.s.acceptance.ProductAcceptanceTest     : The following 1 profile is active: "test"
2022-08-09 16:05:49.464  INFO 72414 --- [    Test worker] o.s.b.w.embedded.tomcat.TomcatWebServer  : Tomcat initialized with port(s): 0 (http)
2022-08-09 16:05:49.465  INFO 72414 --- [    Test worker] o.apache.catalina.core.StandardService   : Starting service [Tomcat]
2022-08-09 16:05:49.465  INFO 72414 --- [    Test worker] org.apache.catalina.core.StandardEngine  : Starting Servlet engine: [Apache Tomcat/9.0.60]
2022-08-09 16:05:49.477  INFO 72414 --- [    Test worker] o.a.c.c.C.[Tomcat].[localhost].[/]       : Initializing Spring embedded WebApplicationContext
2022-08-09 16:05:49.477  INFO 72414 --- [    Test worker] w.s.c.ServletWebServerApplicationContext : Root WebApplicationContext: initialization completed in 278 ms
2022-08-09 16:05:49.537  INFO 72414 --- [    Test worker] com.zaxxer.hikari.HikariDataSource       : HikariPool-16 - Starting...
2022-08-09 16:05:49.539  INFO 72414 --- [    Test worker] com.zaxxer.hikari.HikariDataSource       : HikariPool-16 - Start completed.
2022-08-09 16:05:49.845  INFO 72414 --- [    Test worker] o.s.b.w.embedded.tomcat.TomcatWebServer  : Tomcat started on port(s): 60943 (http) with context path ''
2022-08-09 16:05:49.847  INFO 72414 --- [    Test worker] w.s.acceptance.ProductAcceptanceTest     : Started ProductAcceptanceTest in 0.729 seconds (JVM running for 30.204)
Request method:	POST
Request URI:	http://localhost:60943/api/products
Proxy:			<none>
Request params:	<none>
Query params:	<none>
Form params:	<none>
Path params:	<none>
Headers:		Accept=*/*
				Content-Type=application/json
Cookies:		<none>
Multiparts:		<none>
Body:
{
    "name": "치킨",
    "price": 10000,
    "imageUrl": "http://example.com/chicken.jpg"
}
2022-08-09 16:05:49.878  INFO 72414 --- [-auto-12-exec-1] o.a.c.c.C.[Tomcat].[localhost].[/]       : Initializing Spring DispatcherServlet 'dispatcherServlet'
2022-08-09 16:05:49.878  INFO 72414 --- [-auto-12-exec-1] o.s.web.servlet.DispatcherServlet        : Initializing Servlet 'dispatcherServlet'
2022-08-09 16:05:49.879  INFO 72414 --- [-auto-12-exec-1] o.s.web.servlet.DispatcherServlet        : Completed initialization in 1 ms
HTTP/1.1 201 
Vary: Origin
Vary: Access-Control-Request-Method
Vary: Access-Control-Request-Headers
Location: /api/products/6
Content-Length: 0
Date: Tue, 09 Aug 2022 07:05:49 GMT
Keep-Alive: timeout=60
Connection: keep-alive
]]></system-out>
  <system-err><![CDATA[]]></system-err>
</testsuite>
