<?xml version="1.0" encoding="UTF-8"?>
<testsuite name="주문 관련 기능" tests="4" skipped="0" failures="0" errors="0" timestamp="2022-08-09T07:05:56" hostname="bagseeun-ui-MacBookPro.local" time="5.582">
  <properties/>
  <testcase name="단일 주문 조회시 존재하지 않는 주문일 경우 404 NOT_FOUND 를 응답한다." classname="woowacourse.shoppingcart.acceptance.OrderAcceptanceTest" time="1.669"/>
  <testcase name="장바구니 상품들을 주문한다." classname="woowacourse.shoppingcart.acceptance.OrderAcceptanceTest" time="1.583"/>
  <testcase name="주문 내역을 조회한다." classname="woowacourse.shoppingcart.acceptance.OrderAcceptanceTest" time="1.269"/>
  <testcase name="단일 주문을 조회한다." classname="woowacourse.shoppingcart.acceptance.OrderAcceptanceTest" time="1.037"/>
  <system-out><![CDATA[2022-08-09 16:05:56.261  INFO 72414 --- [    Test worker] .b.t.c.SpringBootTestContextBootstrapper : Neither @ContextConfiguration nor @ContextHierarchy found for test class [woowacourse.shoppingcart.acceptance.OrderAcceptanceTest], using SpringBootContextLoader
2022-08-09 16:05:56.262  INFO 72414 --- [    Test worker] o.s.t.c.support.AbstractContextLoader    : Could not detect default resource locations for test class [woowacourse.shoppingcart.acceptance.OrderAcceptanceTest]: no resource found for suffixes {-context.xml, Context.groovy}.
2022-08-09 16:05:56.262  INFO 72414 --- [    Test worker] t.c.s.AnnotationConfigContextLoaderUtils : Could not detect default configuration classes for test class [woowacourse.shoppingcart.acceptance.OrderAcceptanceTest]: OrderAcceptanceTest does not declare any static, non-private, non-final, nested classes annotated with @Configuration.
2022-08-09 16:05:56.264  INFO 72414 --- [    Test worker] .b.t.c.SpringBootTestContextBootstrapper : Found @SpringBootConfiguration woowacourse.Application for test class woowacourse.shoppingcart.acceptance.OrderAcceptanceTest
2022-08-09 16:05:56.268  INFO 72414 --- [    Test worker] .b.t.c.SpringBootTestContextBootstrapper : Loaded default TestExecutionListener class names from location [META-INF/spring.factories]: [org.springframework.boot.test.autoconfigure.restdocs.RestDocsTestExecutionListener, org.springframework.boot.test.autoconfigure.web.client.MockRestServiceServerResetTestExecutionListener, org.springframework.boot.test.autoconfigure.web.servlet.MockMvcPrintOnlyOnFailureTestExecutionListener, org.springframework.boot.test.autoconfigure.web.servlet.WebDriverTestExecutionListener, org.springframework.boot.test.autoconfigure.webservices.client.MockWebServiceServerTestExecutionListener, org.springframework.boot.test.mock.mockito.MockitoTestExecutionListener, org.springframework.boot.test.mock.mockito.ResetMocksTestExecutionListener, org.springframework.test.context.web.ServletTestExecutionListener, org.springframework.test.context.support.DirtiesContextBeforeModesTestExecutionListener, org.springframework.test.context.event.ApplicationEventsTestExecutionListener, org.springframework.test.context.support.DependencyInjectionTestExecutionListener, org.springframework.test.context.support.DirtiesContextTestExecutionListener, org.springframework.test.context.transaction.TransactionalTestExecutionListener, org.springframework.test.context.jdbc.SqlScriptsTestExecutionListener, org.springframework.test.context.event.EventPublishingTestExecutionListener]
2022-08-09 16:05:56.269  INFO 72414 --- [    Test worker] .b.t.c.SpringBootTestContextBootstrapper : Using TestExecutionListeners: [org.springframework.test.context.web.ServletTestExecutionListener@60d92aa9, org.springframework.test.context.support.DirtiesContextBeforeModesTestExecutionListener@66300e4, org.springframework.test.context.event.ApplicationEventsTestExecutionListener@159244c5, org.springframework.boot.test.mock.mockito.MockitoTestExecutionListener@6c62326a, org.springframework.boot.test.autoconfigure.SpringBootDependencyInjectionTestExecutionListener@4547c12d, org.springframework.test.context.support.DirtiesContextTestExecutionListener@5b3d8d41, org.springframework.test.context.transaction.TransactionalTestExecutionListener@5c8e5e8f, org.springframework.test.context.jdbc.SqlScriptsTestExecutionListener@2182c616, org.springframework.test.context.event.EventPublishingTestExecutionListener@5ab735a2, org.springframework.boot.test.autoconfigure.restdocs.RestDocsTestExecutionListener@6d57fc30, org.springframework.boot.test.autoconfigure.web.client.MockRestServiceServerResetTestExecutionListener@4303ad33, org.springframework.boot.test.autoconfigure.web.servlet.MockMvcPrintOnlyOnFailureTestExecutionListener@74066133, org.springframework.boot.test.autoconfigure.web.servlet.WebDriverTestExecutionListener@177f4034, org.springframework.boot.test.autoconfigure.webservices.client.MockWebServiceServerTestExecutionListener@451b9897, org.springframework.boot.test.mock.mockito.ResetMocksTestExecutionListener@1b2fcf32]
2022-08-09 16:05:56.296  INFO 72414 --- [    Test worker] com.zaxxer.hikari.HikariDataSource       : HikariPool-22 - Shutdown initiated...
2022-08-09 16:05:56.297  INFO 72414 --- [    Test worker] com.zaxxer.hikari.HikariDataSource       : HikariPool-22 - Shutdown completed.

  .   ____          _            __ _ _
 /\\ / ___'_ __ _ _(_)_ __  __ _ \ \ \ \
( ( )\___ | '_ | '_| | '_ \/ _` | \ \ \ \
 \\/  ___)| |_)| | | | | || (_| |  ) ) ) )
  '  |____| .__|_| |_|_| |_\__, | / / / /
 =========|_|==============|___/=/_/_/_/
 :: Spring Boot ::                (v2.6.6)

2022-08-09 16:05:56.325  INFO 72414 --- [    Test worker] w.s.acceptance.OrderAcceptanceTest       : Starting OrderAcceptanceTest using Java 15.0.7 on bagseeun-ui-MacBookPro.local with PID 72414 (started by parkseeun in /Users/parkseeun/Develop/woowacourse/level-3/sonar-cloud)
2022-08-09 16:05:56.325  INFO 72414 --- [    Test worker] w.s.acceptance.OrderAcceptanceTest       : The following 1 profile is active: "test"
2022-08-09 16:05:56.531  INFO 72414 --- [    Test worker] o.s.b.w.embedded.tomcat.TomcatWebServer  : Tomcat initialized with port(s): 0 (http)
2022-08-09 16:05:56.535  INFO 72414 --- [    Test worker] o.apache.catalina.core.StandardService   : Starting service [Tomcat]
2022-08-09 16:05:56.535  INFO 72414 --- [    Test worker] org.apache.catalina.core.StandardEngine  : Starting Servlet engine: [Apache Tomcat/9.0.60]
2022-08-09 16:05:56.546  INFO 72414 --- [    Test worker] o.a.c.c.C.[Tomcat].[localhost].[/]       : Initializing Spring embedded WebApplicationContext
2022-08-09 16:05:56.547  INFO 72414 --- [    Test worker] w.s.c.ServletWebServerApplicationContext : Root WebApplicationContext: initialization completed in 221 ms
2022-08-09 16:05:56.589  INFO 72414 --- [    Test worker] com.zaxxer.hikari.HikariDataSource       : HikariPool-23 - Starting...
2022-08-09 16:05:56.592  INFO 72414 --- [    Test worker] com.zaxxer.hikari.HikariDataSource       : HikariPool-23 - Start completed.
2022-08-09 16:05:56.816  INFO 72414 --- [    Test worker] o.s.b.w.embedded.tomcat.TomcatWebServer  : Tomcat started on port(s): 60993 (http) with context path ''
2022-08-09 16:05:56.818  INFO 72414 --- [    Test worker] w.s.acceptance.OrderAcceptanceTest       : Started OrderAcceptanceTest in 0.519 seconds (JVM running for 37.174)
Request method:	POST
Request URI:	http://localhost:60993/api/products
Proxy:			<none>
Request params:	<none>
Query params:	<none>
Form params:	<none>
Path params:	<none>
Headers:		Accept=*/*
				Content-Type=application/json
Cookies:		<none>
Multiparts:		<none>
Body:
{
    "name": "치킨",
    "price": 10000,
    "imageUrl": "http://example.com/chicken.jpg"
}
2022-08-09 16:05:56.834  INFO 72414 --- [-auto-19-exec-1] o.a.c.c.C.[Tomcat].[localhost].[/]       : Initializing Spring DispatcherServlet 'dispatcherServlet'
2022-08-09 16:05:56.834  INFO 72414 --- [-auto-19-exec-1] o.s.web.servlet.DispatcherServlet        : Initializing Servlet 'dispatcherServlet'
2022-08-09 16:05:56.835  INFO 72414 --- [-auto-19-exec-1] o.s.web.servlet.DispatcherServlet        : Completed initialization in 1 ms
HTTP/1.1 201 
Vary: Origin
Vary: Access-Control-Request-Method
Vary: Access-Control-Request-Headers
Location: /api/products/6
Content-Length: 0
Date: Tue, 09 Aug 2022 07:05:56 GMT
Keep-Alive: timeout=60
Connection: keep-alive
Request method:	POST
Request URI:	http://localhost:60993/api/products
Proxy:			<none>
Request params:	<none>
Query params:	<none>
Form params:	<none>
Path params:	<none>
Headers:		Accept=*/*
				Content-Type=application/json
Cookies:		<none>
Multiparts:		<none>
Body:
{
    "name": "맥주",
    "price": 20000,
    "imageUrl": "http://example.com/beer.jpg"
}
HTTP/1.1 201 
Vary: Origin
Vary: Access-Control-Request-Method
Vary: Access-Control-Request-Headers
Location: /api/products/7
Content-Length: 0
Date: Tue, 09 Aug 2022 07:05:56 GMT
Keep-Alive: timeout=60
Connection: keep-alive
Request method:	POST
Request URI:	http://localhost:60993/api/customer
Proxy:			<none>
Request params:	<none>
Query params:	<none>
Form params:	<none>
Path params:	<none>
Headers:		Accept=application/json
				Content-Type=application/json
Cookies:		<none>
Multiparts:		<none>
Body:
{
    "name": "클레이",
    "email": "djwhy5510@naver.com",
    "password": "1234567891"
}
HTTP/1.1 201 
Vary: Origin
Vary: Access-Control-Request-Method
Vary: Access-Control-Request-Headers
Content-Length: 0
Date: Tue, 09 Aug 2022 07:05:56 GMT
Keep-Alive: timeout=60
Connection: keep-alive
Request method:	POST
Request URI:	http://localhost:60993/api/login
Proxy:			<none>
Request params:	<none>
Query params:	<none>
Form params:	<none>
Path params:	<none>
Headers:		Accept=application/json
				Content-Type=application/json
Cookies:		<none>
Multiparts:		<none>
Body:
{
    "email": "djwhy5510@naver.com",
    "password": "1234567891"
}
HTTP/1.1 200 
Vary: Origin
Vary: Access-Control-Request-Method
Vary: Access-Control-Request-Headers
Content-Type: application/json
Transfer-Encoding: chunked
Date: Tue, 09 Aug 2022 07:05:57 GMT
Keep-Alive: timeout=60
Connection: keep-alive

{
    "accessToken": "eyJhbGciOiJIUzUxMiJ9.eyJpZCI6IjI2IiwiaWF0IjoxNjYwMDI4NzU3LCJleHAiOjE2NjAwMzIzNTd9.AJ9JH4pgzfSQc56G5jn-oJt3RRQpj4ckwgHz7IYm9xZSq9Hp64QwB_khH858QUGeDzaD5FqvPJlo9oJvpYJkvQ"
}
Request method:	POST
Request URI:	http://localhost:60993/api/customer/carts
Proxy:			<none>
Request params:	<none>
Query params:	<none>
Form params:	<none>
Path params:	<none>
Headers:		Accept=*/*
				Content-Type=application/json
Cookies:		<none>
Multiparts:		<none>
Body:
{
    "productId": 6
}
HTTP/1.1 201 
Vary: Origin
Vary: Access-Control-Request-Method
Vary: Access-Control-Request-Headers
Location: http://localhost:60993/api/customer/carts/1
Content-Length: 0
Date: Tue, 09 Aug 2022 07:05:57 GMT
Keep-Alive: timeout=60
Connection: keep-alive
Request method:	POST
Request URI:	http://localhost:60993/api/customer/carts
Proxy:			<none>
Request params:	<none>
Query params:	<none>
Form params:	<none>
Path params:	<none>
Headers:		Accept=*/*
				Content-Type=application/json
Cookies:		<none>
Multiparts:		<none>
Body:
{
    "productId": 7
}
HTTP/1.1 201 
Vary: Origin
Vary: Access-Control-Request-Method
Vary: Access-Control-Request-Headers
Location: http://localhost:60993/api/customer/carts/2
Content-Length: 0
Date: Tue, 09 Aug 2022 07:05:57 GMT
Keep-Alive: timeout=60
Connection: keep-alive
Request method:	POST
Request URI:	http://localhost:60993/api/customer/orders
Proxy:			<none>
Request params:	<none>
Query params:	<none>
Form params:	<none>
Path params:	<none>
Headers:		Accept=*/*
				Content-Type=application/json
Cookies:		<none>
Multiparts:		<none>
Body:
[
    {
        "cartId": 1,
        "quantity": 2
    },
    {
        "cartId": 2,
        "quantity": 4
    }
]
HTTP/1.1 201 
Vary: Origin
Vary: Access-Control-Request-Method
Vary: Access-Control-Request-Headers
Location: /api/orders/1
Content-Length: 0
Date: Tue, 09 Aug 2022 07:05:57 GMT
Keep-Alive: timeout=60
Connection: keep-alive
Request method:	GET
Request URI:	http://localhost:60993/api/customer/orders/1000
Proxy:			<none>
Request params:	<none>
Query params:	<none>
Form params:	<none>
Path params:	<none>
Headers:		Accept=*/*
				Content-Type=application/json
Cookies:		<none>
Multiparts:		<none>
Body:			<none>
HTTP/1.1 404 
Vary: Origin
Vary: Access-Control-Request-Method
Vary: Access-Control-Request-Headers
Content-Type: application/json
Transfer-Encoding: chunked
Date: Tue, 09 Aug 2022 07:05:57 GMT
Keep-Alive: timeout=60
Connection: keep-alive

{
    "message": "유효하지 않은 주문입니다."
}
2022-08-09 16:05:57.992  INFO 72414 --- [    Test worker] com.zaxxer.hikari.HikariDataSource       : HikariPool-23 - Shutdown initiated...
2022-08-09 16:05:58.001  INFO 72414 --- [    Test worker] com.zaxxer.hikari.HikariDataSource       : HikariPool-23 - Shutdown completed.

  .   ____          _            __ _ _
 /\\ / ___'_ __ _ _(_)_ __  __ _ \ \ \ \
( ( )\___ | '_ | '_| | '_ \/ _` | \ \ \ \
 \\/  ___)| |_)| | | | | || (_| |  ) ) ) )
  '  |____| .__|_| |_|_| |_\__, | / / / /
 =========|_|==============|___/=/_/_/_/
 :: Spring Boot ::                (v2.6.6)

2022-08-09 16:05:58.085  INFO 72414 --- [    Test worker] w.s.acceptance.OrderAcceptanceTest       : Starting OrderAcceptanceTest using Java 15.0.7 on bagseeun-ui-MacBookPro.local with PID 72414 (started by parkseeun in /Users/parkseeun/Develop/woowacourse/level-3/sonar-cloud)
2022-08-09 16:05:58.086  INFO 72414 --- [    Test worker] w.s.acceptance.OrderAcceptanceTest       : The following 1 profile is active: "test"
2022-08-09 16:05:58.429  INFO 72414 --- [    Test worker] o.s.b.w.embedded.tomcat.TomcatWebServer  : Tomcat initialized with port(s): 0 (http)
2022-08-09 16:05:58.436  INFO 72414 --- [    Test worker] o.apache.catalina.core.StandardService   : Starting service [Tomcat]
2022-08-09 16:05:58.436  INFO 72414 --- [    Test worker] org.apache.catalina.core.StandardEngine  : Starting Servlet engine: [Apache Tomcat/9.0.60]
2022-08-09 16:05:58.448  INFO 72414 --- [    Test worker] o.a.c.c.C.[Tomcat].[localhost].[/]       : Initializing Spring embedded WebApplicationContext
2022-08-09 16:05:58.448  INFO 72414 --- [    Test worker] w.s.c.ServletWebServerApplicationContext : Root WebApplicationContext: initialization completed in 357 ms
2022-08-09 16:05:58.499  INFO 72414 --- [    Test worker] com.zaxxer.hikari.HikariDataSource       : HikariPool-24 - Starting...
2022-08-09 16:05:58.510  INFO 72414 --- [    Test worker] com.zaxxer.hikari.HikariDataSource       : HikariPool-24 - Start completed.
2022-08-09 16:05:58.856  INFO 72414 --- [    Test worker] o.s.b.w.embedded.tomcat.TomcatWebServer  : Tomcat started on port(s): 61003 (http) with context path ''
2022-08-09 16:05:58.864  INFO 72414 --- [    Test worker] w.s.acceptance.OrderAcceptanceTest       : Started OrderAcceptanceTest in 0.86 seconds (JVM running for 39.221)
Request method:	POST
Request URI:	http://localhost:61003/api/products
Proxy:			<none>
Request params:	<none>
Query params:	<none>
Form params:	<none>
Path params:	<none>
Headers:		Accept=*/*
				Content-Type=application/json
Cookies:		<none>
Multiparts:		<none>
Body:
{
    "name": "치킨",
    "price": 10000,
    "imageUrl": "http://example.com/chicken.jpg"
}
2022-08-09 16:05:58.955  INFO 72414 --- [-auto-20-exec-2] o.a.c.c.C.[Tomcat].[localhost].[/]       : Initializing Spring DispatcherServlet 'dispatcherServlet'
2022-08-09 16:05:58.956  INFO 72414 --- [-auto-20-exec-2] o.s.web.servlet.DispatcherServlet        : Initializing Servlet 'dispatcherServlet'
2022-08-09 16:05:58.957  INFO 72414 --- [-auto-20-exec-2] o.s.web.servlet.DispatcherServlet        : Completed initialization in 1 ms
HTTP/1.1 201 
Vary: Origin
Vary: Access-Control-Request-Method
Vary: Access-Control-Request-Headers
Location: /api/products/6
Content-Length: 0
Date: Tue, 09 Aug 2022 07:05:58 GMT
Keep-Alive: timeout=60
Connection: keep-alive
Request method:	POST
Request URI:	http://localhost:61003/api/products
Proxy:			<none>
Request params:	<none>
Query params:	<none>
Form params:	<none>
Path params:	<none>
Headers:		Accept=*/*
				Content-Type=application/json
Cookies:		<none>
Multiparts:		<none>
Body:
{
    "name": "맥주",
    "price": 20000,
    "imageUrl": "http://example.com/beer.jpg"
}
HTTP/1.1 201 
Vary: Origin
Vary: Access-Control-Request-Method
Vary: Access-Control-Request-Headers
Location: /api/products/7
Content-Length: 0
Date: Tue, 09 Aug 2022 07:05:58 GMT
Keep-Alive: timeout=60
Connection: keep-alive
Request method:	POST
Request URI:	http://localhost:61003/api/customer
Proxy:			<none>
Request params:	<none>
Query params:	<none>
Form params:	<none>
Path params:	<none>
Headers:		Accept=application/json
				Content-Type=application/json
Cookies:		<none>
Multiparts:		<none>
Body:
{
    "name": "클레이",
    "email": "djwhy5510@naver.com",
    "password": "1234567891"
}
HTTP/1.1 201 
Vary: Origin
Vary: Access-Control-Request-Method
Vary: Access-Control-Request-Headers
Content-Length: 0
Date: Tue, 09 Aug 2022 07:05:58 GMT
Keep-Alive: timeout=60
Connection: keep-alive
Request method:	POST
Request URI:	http://localhost:61003/api/login
Proxy:			<none>
Request params:	<none>
Query params:	<none>
Form params:	<none>
Path params:	<none>
Headers:		Accept=application/json
				Content-Type=application/json
Cookies:		<none>
Multiparts:		<none>
Body:
{
    "email": "djwhy5510@naver.com",
    "password": "1234567891"
}
HTTP/1.1 200 
Vary: Origin
Vary: Access-Control-Request-Method
Vary: Access-Control-Request-Headers
Content-Type: application/json
Transfer-Encoding: chunked
Date: Tue, 09 Aug 2022 07:05:58 GMT
Keep-Alive: timeout=60
Connection: keep-alive

{
    "accessToken": "eyJhbGciOiJIUzUxMiJ9.eyJpZCI6IjI2IiwiaWF0IjoxNjYwMDI4NzU5LCJleHAiOjE2NjAwMzIzNTl9.Nx9IHAnk064nnprASO9l0Qnk4XOOkMCuDW8C8KJAFLxuGeyDA_Y0Lv8zbauvti211-qQWBEsMh3Lq34T4i4C5w"
}
Request method:	POST
Request URI:	http://localhost:61003/api/customer/carts
Proxy:			<none>
Request params:	<none>
Query params:	<none>
Form params:	<none>
Path params:	<none>
Headers:		Accept=*/*
				Content-Type=application/json
Cookies:		<none>
Multiparts:		<none>
Body:
{
    "productId": 6
}
HTTP/1.1 201 
Vary: Origin
Vary: Access-Control-Request-Method
Vary: Access-Control-Request-Headers
Location: http://localhost:61003/api/customer/carts/1
Content-Length: 0
Date: Tue, 09 Aug 2022 07:05:58 GMT
Keep-Alive: timeout=60
Connection: keep-alive
Request method:	POST
Request URI:	http://localhost:61003/api/customer/carts
Proxy:			<none>
Request params:	<none>
Query params:	<none>
Form params:	<none>
Path params:	<none>
Headers:		Accept=*/*
				Content-Type=application/json
Cookies:		<none>
Multiparts:		<none>
Body:
{
    "productId": 7
}
HTTP/1.1 201 
Vary: Origin
Vary: Access-Control-Request-Method
Vary: Access-Control-Request-Headers
Location: http://localhost:61003/api/customer/carts/2
Content-Length: 0
Date: Tue, 09 Aug 2022 07:05:58 GMT
Keep-Alive: timeout=60
Connection: keep-alive
Request method:	POST
Request URI:	http://localhost:61003/api/customer/orders
Proxy:			<none>
Request params:	<none>
Query params:	<none>
Form params:	<none>
Path params:	<none>
Headers:		Accept=*/*
				Content-Type=application/json
Cookies:		<none>
Multiparts:		<none>
Body:
[
    {
        "cartId": 1,
        "quantity": 10
    },
    {
        "cartId": 2,
        "quantity": 10
    }
]
HTTP/1.1 201 
Vary: Origin
Vary: Access-Control-Request-Method
Vary: Access-Control-Request-Headers
Location: /api/orders/1
Content-Length: 0
Date: Tue, 09 Aug 2022 07:05:58 GMT
Keep-Alive: timeout=60
Connection: keep-alive
2022-08-09 16:05:59.571  INFO 72414 --- [    Test worker] com.zaxxer.hikari.HikariDataSource       : HikariPool-24 - Shutdown initiated...
2022-08-09 16:05:59.577  INFO 72414 --- [    Test worker] com.zaxxer.hikari.HikariDataSource       : HikariPool-24 - Shutdown completed.

  .   ____          _            __ _ _
 /\\ / ___'_ __ _ _(_)_ __  __ _ \ \ \ \
( ( )\___ | '_ | '_| | '_ \/ _` | \ \ \ \
 \\/  ___)| |_)| | | | | || (_| |  ) ) ) )
  '  |____| .__|_| |_|_| |_\__, | / / / /
 =========|_|==============|___/=/_/_/_/
 :: Spring Boot ::                (v2.6.6)

2022-08-09 16:05:59.632  INFO 72414 --- [    Test worker] w.s.acceptance.OrderAcceptanceTest       : Starting OrderAcceptanceTest using Java 15.0.7 on bagseeun-ui-MacBookPro.local with PID 72414 (started by parkseeun in /Users/parkseeun/Develop/woowacourse/level-3/sonar-cloud)
2022-08-09 16:05:59.632  INFO 72414 --- [    Test worker] w.s.acceptance.OrderAcceptanceTest       : The following 1 profile is active: "test"
2022-08-09 16:05:59.853  INFO 72414 --- [    Test worker] o.s.b.w.embedded.tomcat.TomcatWebServer  : Tomcat initialized with port(s): 0 (http)
2022-08-09 16:05:59.858  INFO 72414 --- [    Test worker] o.apache.catalina.core.StandardService   : Starting service [Tomcat]
2022-08-09 16:05:59.858  INFO 72414 --- [    Test worker] org.apache.catalina.core.StandardEngine  : Starting Servlet engine: [Apache Tomcat/9.0.60]
2022-08-09 16:05:59.868  INFO 72414 --- [    Test worker] o.a.c.c.C.[Tomcat].[localhost].[/]       : Initializing Spring embedded WebApplicationContext
2022-08-09 16:05:59.868  INFO 72414 --- [    Test worker] w.s.c.ServletWebServerApplicationContext : Root WebApplicationContext: initialization completed in 233 ms
2022-08-09 16:05:59.910  INFO 72414 --- [    Test worker] com.zaxxer.hikari.HikariDataSource       : HikariPool-25 - Starting...
2022-08-09 16:05:59.915  INFO 72414 --- [    Test worker] com.zaxxer.hikari.HikariDataSource       : HikariPool-25 - Start completed.
2022-08-09 16:06:00.171  INFO 72414 --- [    Test worker] o.s.b.w.embedded.tomcat.TomcatWebServer  : Tomcat started on port(s): 61012 (http) with context path ''
2022-08-09 16:06:00.174  INFO 72414 --- [    Test worker] w.s.acceptance.OrderAcceptanceTest       : Started OrderAcceptanceTest in 0.594 seconds (JVM running for 40.531)
Request method:	POST
Request URI:	http://localhost:61012/api/products
Proxy:			<none>
Request params:	<none>
Query params:	<none>
Form params:	<none>
Path params:	<none>
Headers:		Accept=*/*
				Content-Type=application/json
Cookies:		<none>
Multiparts:		<none>
Body:
{
    "name": "치킨",
    "price": 10000,
    "imageUrl": "http://example.com/chicken.jpg"
}
2022-08-09 16:06:00.199  INFO 72414 --- [-auto-21-exec-2] o.a.c.c.C.[Tomcat].[localhost].[/]       : Initializing Spring DispatcherServlet 'dispatcherServlet'
2022-08-09 16:06:00.200  INFO 72414 --- [-auto-21-exec-2] o.s.web.servlet.DispatcherServlet        : Initializing Servlet 'dispatcherServlet'
2022-08-09 16:06:00.200  INFO 72414 --- [-auto-21-exec-2] o.s.web.servlet.DispatcherServlet        : Completed initialization in 0 ms
HTTP/1.1 201 
Vary: Origin
Vary: Access-Control-Request-Method
Vary: Access-Control-Request-Headers
Location: /api/products/6
Content-Length: 0
Date: Tue, 09 Aug 2022 07:06:00 GMT
Keep-Alive: timeout=60
Connection: keep-alive
Request method:	POST
Request URI:	http://localhost:61012/api/products
Proxy:			<none>
Request params:	<none>
Query params:	<none>
Form params:	<none>
Path params:	<none>
Headers:		Accept=*/*
				Content-Type=application/json
Cookies:		<none>
Multiparts:		<none>
Body:
{
    "name": "맥주",
    "price": 20000,
    "imageUrl": "http://example.com/beer.jpg"
}
HTTP/1.1 201 
Vary: Origin
Vary: Access-Control-Request-Method
Vary: Access-Control-Request-Headers
Location: /api/products/7
Content-Length: 0
Date: Tue, 09 Aug 2022 07:06:00 GMT
Keep-Alive: timeout=60
Connection: keep-alive
Request method:	POST
Request URI:	http://localhost:61012/api/customer
Proxy:			<none>
Request params:	<none>
Query params:	<none>
Form params:	<none>
Path params:	<none>
Headers:		Accept=application/json
				Content-Type=application/json
Cookies:		<none>
Multiparts:		<none>
Body:
{
    "name": "클레이",
    "email": "djwhy5510@naver.com",
    "password": "1234567891"
}
HTTP/1.1 201 
Vary: Origin
Vary: Access-Control-Request-Method
Vary: Access-Control-Request-Headers
Content-Length: 0
Date: Tue, 09 Aug 2022 07:06:00 GMT
Keep-Alive: timeout=60
Connection: keep-alive
Request method:	POST
Request URI:	http://localhost:61012/api/login
Proxy:			<none>
Request params:	<none>
Query params:	<none>
Form params:	<none>
Path params:	<none>
Headers:		Accept=application/json
				Content-Type=application/json
Cookies:		<none>
Multiparts:		<none>
Body:
{
    "email": "djwhy5510@naver.com",
    "password": "1234567891"
}
HTTP/1.1 200 
Vary: Origin
Vary: Access-Control-Request-Method
Vary: Access-Control-Request-Headers
Content-Type: application/json
Transfer-Encoding: chunked
Date: Tue, 09 Aug 2022 07:06:00 GMT
Keep-Alive: timeout=60
Connection: keep-alive

{
    "accessToken": "eyJhbGciOiJIUzUxMiJ9.eyJpZCI6IjI2IiwiaWF0IjoxNjYwMDI4NzYwLCJleHAiOjE2NjAwMzIzNjB9.HzlgDvzL7aGtwUqJzg3suOoNxwzNg0zECLIEjXmicAFyHVo_TpXLtVSVroxmknpH2DSnIJDAwu6F2q1oFbWT1Q"
}
Request method:	POST
Request URI:	http://localhost:61012/api/customer/carts
Proxy:			<none>
Request params:	<none>
Query params:	<none>
Form params:	<none>
Path params:	<none>
Headers:		Accept=*/*
				Content-Type=application/json
Cookies:		<none>
Multiparts:		<none>
Body:
{
    "productId": 6
}
HTTP/1.1 201 
Vary: Origin
Vary: Access-Control-Request-Method
Vary: Access-Control-Request-Headers
Location: http://localhost:61012/api/customer/carts/1
Content-Length: 0
Date: Tue, 09 Aug 2022 07:06:00 GMT
Keep-Alive: timeout=60
Connection: keep-alive
Request method:	POST
Request URI:	http://localhost:61012/api/customer/carts
Proxy:			<none>
Request params:	<none>
Query params:	<none>
Form params:	<none>
Path params:	<none>
Headers:		Accept=*/*
				Content-Type=application/json
Cookies:		<none>
Multiparts:		<none>
Body:
{
    "productId": 7
}
HTTP/1.1 201 
Vary: Origin
Vary: Access-Control-Request-Method
Vary: Access-Control-Request-Headers
Location: http://localhost:61012/api/customer/carts/2
Content-Length: 0
Date: Tue, 09 Aug 2022 07:06:00 GMT
Keep-Alive: timeout=60
Connection: keep-alive
Request method:	POST
Request URI:	http://localhost:61012/api/customer/orders
Proxy:			<none>
Request params:	<none>
Query params:	<none>
Form params:	<none>
Path params:	<none>
Headers:		Accept=*/*
				Content-Type=application/json
Cookies:		<none>
Multiparts:		<none>
Body:
[
    {
        "cartId": 1,
        "quantity": 2
    }
]
HTTP/1.1 201 
Vary: Origin
Vary: Access-Control-Request-Method
Vary: Access-Control-Request-Headers
Location: /api/orders/1
Content-Length: 0
Date: Tue, 09 Aug 2022 07:06:00 GMT
Keep-Alive: timeout=60
Connection: keep-alive
Request method:	POST
Request URI:	http://localhost:61012/api/customer/orders
Proxy:			<none>
Request params:	<none>
Query params:	<none>
Form params:	<none>
Path params:	<none>
Headers:		Accept=*/*
				Content-Type=application/json
Cookies:		<none>
Multiparts:		<none>
Body:
[
    {
        "cartId": 2,
        "quantity": 5
    }
]
HTTP/1.1 201 
Vary: Origin
Vary: Access-Control-Request-Method
Vary: Access-Control-Request-Headers
Location: /api/orders/2
Content-Length: 0
Date: Tue, 09 Aug 2022 07:06:00 GMT
Keep-Alive: timeout=60
Connection: keep-alive
Request method:	GET
Request URI:	http://localhost:61012/api/customer/orders
Proxy:			<none>
Request params:	<none>
Query params:	<none>
Form params:	<none>
Path params:	<none>
Headers:		Accept=*/*
				Content-Type=application/json
Cookies:		<none>
Multiparts:		<none>
Body:			<none>
HTTP/1.1 200 
Vary: Origin
Vary: Access-Control-Request-Method
Vary: Access-Control-Request-Headers
Content-Type: application/json
Transfer-Encoding: chunked
Date: Tue, 09 Aug 2022 07:06:00 GMT
Keep-Alive: timeout=60
Connection: keep-alive

[
    {
        "totalPrice": 10000,
        "id": 1,
        "orderDetails": [
            {
                "productId": 6,
                "quantity": 2,
                "price": 10000,
                "name": "치킨",
                "imageUrl": "http://example.com/chicken.jpg"
            }
        ]
    },
    {
        "totalPrice": 20000,
        "id": 2,
        "orderDetails": [
            {
                "productId": 7,
                "quantity": 5,
                "price": 20000,
                "name": "맥주",
                "imageUrl": "http://example.com/beer.jpg"
            }
        ]
    }
]
2022-08-09 16:06:00.840  INFO 72414 --- [    Test worker] com.zaxxer.hikari.HikariDataSource       : HikariPool-25 - Shutdown initiated...
2022-08-09 16:06:00.841  INFO 72414 --- [    Test worker] com.zaxxer.hikari.HikariDataSource       : HikariPool-25 - Shutdown completed.

  .   ____          _            __ _ _
 /\\ / ___'_ __ _ _(_)_ __  __ _ \ \ \ \
( ( )\___ | '_ | '_| | '_ \/ _` | \ \ \ \
 \\/  ___)| |_)| | | | | || (_| |  ) ) ) )
  '  |____| .__|_| |_|_| |_\__, | / / / /
 =========|_|==============|___/=/_/_/_/
 :: Spring Boot ::                (v2.6.6)

2022-08-09 16:06:00.866  INFO 72414 --- [    Test worker] w.s.acceptance.OrderAcceptanceTest       : Starting OrderAcceptanceTest using Java 15.0.7 on bagseeun-ui-MacBookPro.local with PID 72414 (started by parkseeun in /Users/parkseeun/Develop/woowacourse/level-3/sonar-cloud)
2022-08-09 16:06:00.866  INFO 72414 --- [    Test worker] w.s.acceptance.OrderAcceptanceTest       : The following 1 profile is active: "test"
2022-08-09 16:06:01.034  INFO 72414 --- [    Test worker] o.s.b.w.embedded.tomcat.TomcatWebServer  : Tomcat initialized with port(s): 0 (http)
2022-08-09 16:06:01.035  INFO 72414 --- [    Test worker] o.apache.catalina.core.StandardService   : Starting service [Tomcat]
2022-08-09 16:06:01.035  INFO 72414 --- [    Test worker] org.apache.catalina.core.StandardEngine  : Starting Servlet engine: [Apache Tomcat/9.0.60]
2022-08-09 16:06:01.051  INFO 72414 --- [    Test worker] o.a.c.c.C.[Tomcat].[localhost].[/]       : Initializing Spring embedded WebApplicationContext
2022-08-09 16:06:01.052  INFO 72414 --- [    Test worker] w.s.c.ServletWebServerApplicationContext : Root WebApplicationContext: initialization completed in 184 ms
2022-08-09 16:06:01.099  INFO 72414 --- [    Test worker] com.zaxxer.hikari.HikariDataSource       : HikariPool-26 - Starting...
2022-08-09 16:06:01.102  INFO 72414 --- [    Test worker] com.zaxxer.hikari.HikariDataSource       : HikariPool-26 - Start completed.
2022-08-09 16:06:01.349  INFO 72414 --- [    Test worker] o.s.b.w.embedded.tomcat.TomcatWebServer  : Tomcat started on port(s): 61023 (http) with context path ''
2022-08-09 16:06:01.352  INFO 72414 --- [    Test worker] w.s.acceptance.OrderAcceptanceTest       : Started OrderAcceptanceTest in 0.509 seconds (JVM running for 41.708)
Request method:	POST
Request URI:	http://localhost:61023/api/products
Proxy:			<none>
Request params:	<none>
Query params:	<none>
Form params:	<none>
Path params:	<none>
Headers:		Accept=*/*
				Content-Type=application/json
Cookies:		<none>
Multiparts:		<none>
Body:
{
    "name": "치킨",
    "price": 10000,
    "imageUrl": "http://example.com/chicken.jpg"
}
2022-08-09 16:06:01.400  INFO 72414 --- [-auto-22-exec-1] o.a.c.c.C.[Tomcat].[localhost].[/]       : Initializing Spring DispatcherServlet 'dispatcherServlet'
2022-08-09 16:06:01.400  INFO 72414 --- [-auto-22-exec-1] o.s.web.servlet.DispatcherServlet        : Initializing Servlet 'dispatcherServlet'
2022-08-09 16:06:01.400  INFO 72414 --- [-auto-22-exec-1] o.s.web.servlet.DispatcherServlet        : Completed initialization in 0 ms
HTTP/1.1 201 
Vary: Origin
Vary: Access-Control-Request-Method
Vary: Access-Control-Request-Headers
Location: /api/products/6
Content-Length: 0
Date: Tue, 09 Aug 2022 07:06:01 GMT
Keep-Alive: timeout=60
Connection: keep-alive
Request method:	POST
Request URI:	http://localhost:61023/api/products
Proxy:			<none>
Request params:	<none>
Query params:	<none>
Form params:	<none>
Path params:	<none>
Headers:		Accept=*/*
				Content-Type=application/json
Cookies:		<none>
Multiparts:		<none>
Body:
{
    "name": "맥주",
    "price": 20000,
    "imageUrl": "http://example.com/beer.jpg"
}
HTTP/1.1 201 
Vary: Origin
Vary: Access-Control-Request-Method
Vary: Access-Control-Request-Headers
Location: /api/products/7
Content-Length: 0
Date: Tue, 09 Aug 2022 07:06:01 GMT
Keep-Alive: timeout=60
Connection: keep-alive
Request method:	POST
Request URI:	http://localhost:61023/api/customer
Proxy:			<none>
Request params:	<none>
Query params:	<none>
Form params:	<none>
Path params:	<none>
Headers:		Accept=application/json
				Content-Type=application/json
Cookies:		<none>
Multiparts:		<none>
Body:
{
    "name": "클레이",
    "email": "djwhy5510@naver.com",
    "password": "1234567891"
}
HTTP/1.1 201 
Vary: Origin
Vary: Access-Control-Request-Method
Vary: Access-Control-Request-Headers
Content-Length: 0
Date: Tue, 09 Aug 2022 07:06:01 GMT
Keep-Alive: timeout=60
Connection: keep-alive
Request method:	POST
Request URI:	http://localhost:61023/api/login
Proxy:			<none>
Request params:	<none>
Query params:	<none>
Form params:	<none>
Path params:	<none>
Headers:		Accept=application/json
				Content-Type=application/json
Cookies:		<none>
Multiparts:		<none>
Body:
{
    "email": "djwhy5510@naver.com",
    "password": "1234567891"
}
HTTP/1.1 200 
Vary: Origin
Vary: Access-Control-Request-Method
Vary: Access-Control-Request-Headers
Content-Type: application/json
Transfer-Encoding: chunked
Date: Tue, 09 Aug 2022 07:06:01 GMT
Keep-Alive: timeout=60
Connection: keep-alive

{
    "accessToken": "eyJhbGciOiJIUzUxMiJ9.eyJpZCI6IjI2IiwiaWF0IjoxNjYwMDI4NzYxLCJleHAiOjE2NjAwMzIzNjF9.PGiXhpadG8G-vmsweyibw5KmI7qW9_g3XyUm8m1Tsy8BnrVelUTFqd-4F4Mo3_OwTQ49btGKdcyXeqha4qIIxg"
}
Request method:	POST
Request URI:	http://localhost:61023/api/customer/carts
Proxy:			<none>
Request params:	<none>
Query params:	<none>
Form params:	<none>
Path params:	<none>
Headers:		Accept=*/*
				Content-Type=application/json
Cookies:		<none>
Multiparts:		<none>
Body:
{
    "productId": 6
}
HTTP/1.1 201 
Vary: Origin
Vary: Access-Control-Request-Method
Vary: Access-Control-Request-Headers
Location: http://localhost:61023/api/customer/carts/1
Content-Length: 0
Date: Tue, 09 Aug 2022 07:06:01 GMT
Keep-Alive: timeout=60
Connection: keep-alive
Request method:	POST
Request URI:	http://localhost:61023/api/customer/carts
Proxy:			<none>
Request params:	<none>
Query params:	<none>
Form params:	<none>
Path params:	<none>
Headers:		Accept=*/*
				Content-Type=application/json
Cookies:		<none>
Multiparts:		<none>
Body:
{
    "productId": 7
}
HTTP/1.1 201 
Vary: Origin
Vary: Access-Control-Request-Method
Vary: Access-Control-Request-Headers
Location: http://localhost:61023/api/customer/carts/2
Content-Length: 0
Date: Tue, 09 Aug 2022 07:06:01 GMT
Keep-Alive: timeout=60
Connection: keep-alive
Request method:	POST
Request URI:	http://localhost:61023/api/customer/orders
Proxy:			<none>
Request params:	<none>
Query params:	<none>
Form params:	<none>
Path params:	<none>
Headers:		Accept=*/*
				Content-Type=application/json
Cookies:		<none>
Multiparts:		<none>
Body:
[
    {
        "cartId": 1,
        "quantity": 2
    },
    {
        "cartId": 2,
        "quantity": 4
    }
]
HTTP/1.1 201 
Vary: Origin
Vary: Access-Control-Request-Method
Vary: Access-Control-Request-Headers
Location: /api/orders/1
Content-Length: 0
Date: Tue, 09 Aug 2022 07:06:01 GMT
Keep-Alive: timeout=60
Connection: keep-alive
Request method:	GET
Request URI:	http://localhost:61023/api/customer/orders/1
Proxy:			<none>
Request params:	<none>
Query params:	<none>
Form params:	<none>
Path params:	<none>
Headers:		Accept=*/*
				Content-Type=application/json
Cookies:		<none>
Multiparts:		<none>
Body:			<none>
HTTP/1.1 200 
Vary: Origin
Vary: Access-Control-Request-Method
Vary: Access-Control-Request-Headers
Content-Type: application/json
Transfer-Encoding: chunked
Date: Tue, 09 Aug 2022 07:06:01 GMT
Keep-Alive: timeout=60
Connection: keep-alive

{
    "totalPrice": 30000,
    "id": 1,
    "orderDetails": [
        {
            "productId": 6,
            "quantity": 2,
            "price": 10000,
            "name": "치킨",
            "imageUrl": "http://example.com/chicken.jpg"
        },
        {
            "productId": 7,
            "quantity": 4,
            "price": 20000,
            "name": "맥주",
            "imageUrl": "http://example.com/beer.jpg"
        }
    ]
}
]]></system-out>
  <system-err><![CDATA[]]></system-err>
</testsuite>
