<?xml version="1.0" encoding="UTF-8"?>
<testsuite name="woowacourse.shoppingcart.config.WebConfigTest" tests="1" skipped="0" failures="0" errors="0" timestamp="2022-08-09T07:05:42" hostname="bagseeun-ui-MacBookPro.local" time="0.013">
  <properties/>
  <testcase name="cors()" classname="woowacourse.shoppingcart.config.WebConfigTest" time="0.013"/>
  <system-out><![CDATA[2022-08-09 16:05:42.059  INFO 72414 --- [    Test worker] .b.t.c.SpringBootTestContextBootstrapper : Neither @ContextConfiguration nor @ContextHierarchy found for test class [woowacourse.shoppingcart.config.WebConfigTest], using SpringBootContextLoader
2022-08-09 16:05:42.060  INFO 72414 --- [    Test worker] o.s.t.c.support.AbstractContextLoader    : Could not detect default resource locations for test class [woowacourse.shoppingcart.config.WebConfigTest]: no resource found for suffixes {-context.xml, Context.groovy}.
2022-08-09 16:05:42.061  INFO 72414 --- [    Test worker] t.c.s.AnnotationConfigContextLoaderUtils : Could not detect default configuration classes for test class [woowacourse.shoppingcart.config.WebConfigTest]: WebConfigTest does not declare any static, non-private, non-final, nested classes annotated with @Configuration.
2022-08-09 16:05:42.068  INFO 72414 --- [    Test worker] .b.t.c.SpringBootTestContextBootstrapper : Found @SpringBootConfiguration woowacourse.Application for test class woowacourse.shoppingcart.config.WebConfigTest
2022-08-09 16:05:42.071  INFO 72414 --- [    Test worker] .b.t.c.SpringBootTestContextBootstrapper : Loaded default TestExecutionListener class names from location [META-INF/spring.factories]: [org.springframework.boot.test.autoconfigure.restdocs.RestDocsTestExecutionListener, org.springframework.boot.test.autoconfigure.web.client.MockRestServiceServerResetTestExecutionListener, org.springframework.boot.test.autoconfigure.web.servlet.MockMvcPrintOnlyOnFailureTestExecutionListener, org.springframework.boot.test.autoconfigure.web.servlet.WebDriverTestExecutionListener, org.springframework.boot.test.autoconfigure.webservices.client.MockWebServiceServerTestExecutionListener, org.springframework.boot.test.mock.mockito.MockitoTestExecutionListener, org.springframework.boot.test.mock.mockito.ResetMocksTestExecutionListener, org.springframework.test.context.web.ServletTestExecutionListener, org.springframework.test.context.support.DirtiesContextBeforeModesTestExecutionListener, org.springframework.test.context.event.ApplicationEventsTestExecutionListener, org.springframework.test.context.support.DependencyInjectionTestExecutionListener, org.springframework.test.context.support.DirtiesContextTestExecutionListener, org.springframework.test.context.transaction.TransactionalTestExecutionListener, org.springframework.test.context.jdbc.SqlScriptsTestExecutionListener, org.springframework.test.context.event.EventPublishingTestExecutionListener]
2022-08-09 16:05:42.071  INFO 72414 --- [    Test worker] .b.t.c.SpringBootTestContextBootstrapper : Using TestExecutionListeners: [org.springframework.test.context.web.ServletTestExecutionListener@21947cb4, org.springframework.test.context.support.DirtiesContextBeforeModesTestExecutionListener@2a35e675, org.springframework.test.context.event.ApplicationEventsTestExecutionListener@4624eb1b, org.springframework.boot.test.mock.mockito.MockitoTestExecutionListener@792a7a60, org.springframework.boot.test.autoconfigure.SpringBootDependencyInjectionTestExecutionListener@7b59d82d, org.springframework.test.context.support.DirtiesContextTestExecutionListener@7e5a9f7d, org.springframework.test.context.transaction.TransactionalTestExecutionListener@1fc7df9e, org.springframework.test.context.jdbc.SqlScriptsTestExecutionListener@35144f7c, org.springframework.test.context.event.EventPublishingTestExecutionListener@397143, org.springframework.boot.test.autoconfigure.restdocs.RestDocsTestExecutionListener@2a32a74e, org.springframework.boot.test.autoconfigure.web.client.MockRestServiceServerResetTestExecutionListener@ba8a6b9, org.springframework.boot.test.autoconfigure.web.servlet.MockMvcPrintOnlyOnFailureTestExecutionListener@1cd0671f, org.springframework.boot.test.autoconfigure.web.servlet.WebDriverTestExecutionListener@57a8beaf, org.springframework.boot.test.autoconfigure.webservices.client.MockWebServiceServerTestExecutionListener@689f7bc3, org.springframework.boot.test.mock.mockito.ResetMocksTestExecutionListener@264c9507]

  .   ____          _            __ _ _
 /\\ / ___'_ __ _ _(_)_ __  __ _ \ \ \ \
( ( )\___ | '_ | '_| | '_ \/ _` | \ \ \ \
 \\/  ___)| |_)| | | | | || (_| |  ) ) ) )
  '  |____| .__|_| |_|_| |_\__, | / / / /
 =========|_|==============|___/=/_/_/_/
 :: Spring Boot ::                (v2.6.6)

2022-08-09 16:05:42.109  INFO 72414 --- [    Test worker] w.shoppingcart.config.WebConfigTest      : Starting WebConfigTest using Java 15.0.7 on bagseeun-ui-MacBookPro.local with PID 72414 (started by parkseeun in /Users/parkseeun/Develop/woowacourse/level-3/sonar-cloud)
2022-08-09 16:05:42.111  INFO 72414 --- [    Test worker] w.shoppingcart.config.WebConfigTest      : No active profile set, falling back to 1 default profile: "default"
2022-08-09 16:05:42.390  INFO 72414 --- [    Test worker] com.zaxxer.hikari.HikariDataSource       : HikariPool-9 - Starting...
2022-08-09 16:05:42.395  INFO 72414 --- [    Test worker] com.zaxxer.hikari.HikariDataSource       : HikariPool-9 - Start completed.
2022-08-09 16:05:42.835  INFO 72414 --- [    Test worker] o.s.b.t.m.w.SpringBootMockServletContext : Initializing Spring TestDispatcherServlet ''
2022-08-09 16:05:42.835  INFO 72414 --- [    Test worker] o.s.t.web.servlet.TestDispatcherServlet  : Initializing Servlet ''
2022-08-09 16:05:42.836  INFO 72414 --- [    Test worker] o.s.t.web.servlet.TestDispatcherServlet  : Completed initialization in 1 ms
2022-08-09 16:05:42.843  INFO 72414 --- [    Test worker] w.shoppingcart.config.WebConfigTest      : Started WebConfigTest in 0.77 seconds (JVM running for 23.199)

MockHttpServletRequest:
      HTTP Method = OPTIONS
      Request URI = /api/products
       Parameters = {}
          Headers = [Origin:"http://localhost:8080", Access-Control-Request-Method:"GET"]
             Body = null
    Session Attrs = {}

Handler:
             Type = org.springframework.web.servlet.handler.AbstractHandlerMapping$PreFlightHandler

Async:
    Async started = false
     Async result = null

Resolved Exception:
             Type = null

ModelAndView:
        View name = null
             View = null
            Model = null

FlashMap:
       Attributes = null

MockHttpServletResponse:
           Status = 200
    Error message = null
          Headers = [Vary:"Origin", "Access-Control-Request-Method", "Access-Control-Request-Headers", Access-Control-Allow-Origin:"*", Access-Control-Allow-Methods:"GET,HEAD,POST,PUT,DELETE,TRACE,OPTIONS,PATCH", Access-Control-Expose-Headers:"Location", Access-Control-Max-Age:"1800", Allow:"GET, HEAD, POST, PUT, DELETE, TRACE, OPTIONS, PATCH"]
     Content type = null
             Body = 
    Forwarded URL = null
   Redirected URL = null
          Cookies = []
]]></system-out>
  <system-err><![CDATA[]]></system-err>
</testsuite>
