<?xml version="1.0" encoding="UTF-8"?>
<testsuite name="woowacourse.shoppingcart.ui.OrderControllerTest" tests="3" skipped="0" failures="0" errors="0" timestamp="2022-08-09T07:05:41" hostname="bagseeun-ui-MacBookPro.local" time="0.293">
  <properties/>
  <testcase name="사용자 이름을 통해 주문 내역 목록을 조회하면, 주문 내역 목록을 받는다." classname="woowacourse.shoppingcart.ui.OrderControllerTest" time="0.119"/>
  <testcase name="CREATED와 Location을 반환한다." classname="woowacourse.shoppingcart.ui.OrderControllerTest" time="0.149"/>
  <testcase name="사용자 이름과 주문 ID를 통해 단일 주문 내역을 조회하면, 단일 주문 내역을 받는다." classname="woowacourse.shoppingcart.ui.OrderControllerTest" time="0.022"/>
  <system-out><![CDATA[2022-08-09 16:05:40.755  INFO 72414 --- [    Test worker] .b.t.c.SpringBootTestContextBootstrapper : Neither @ContextConfiguration nor @ContextHierarchy found for test class [woowacourse.shoppingcart.ui.OrderControllerTest], using SpringBootContextLoader
2022-08-09 16:05:40.756  INFO 72414 --- [    Test worker] o.s.t.c.support.AbstractContextLoader    : Could not detect default resource locations for test class [woowacourse.shoppingcart.ui.OrderControllerTest]: no resource found for suffixes {-context.xml, Context.groovy}.
2022-08-09 16:05:40.756  INFO 72414 --- [    Test worker] t.c.s.AnnotationConfigContextLoaderUtils : Could not detect default configuration classes for test class [woowacourse.shoppingcart.ui.OrderControllerTest]: OrderControllerTest does not declare any static, non-private, non-final, nested classes annotated with @Configuration.
2022-08-09 16:05:40.773  INFO 72414 --- [    Test worker] .b.t.c.SpringBootTestContextBootstrapper : Found @SpringBootConfiguration woowacourse.Application for test class woowacourse.shoppingcart.ui.OrderControllerTest
2022-08-09 16:05:40.775  INFO 72414 --- [    Test worker] .b.t.c.SpringBootTestContextBootstrapper : Loaded default TestExecutionListener class names from location [META-INF/spring.factories]: [org.springframework.boot.test.autoconfigure.restdocs.RestDocsTestExecutionListener, org.springframework.boot.test.autoconfigure.web.client.MockRestServiceServerResetTestExecutionListener, org.springframework.boot.test.autoconfigure.web.servlet.MockMvcPrintOnlyOnFailureTestExecutionListener, org.springframework.boot.test.autoconfigure.web.servlet.WebDriverTestExecutionListener, org.springframework.boot.test.autoconfigure.webservices.client.MockWebServiceServerTestExecutionListener, org.springframework.boot.test.mock.mockito.MockitoTestExecutionListener, org.springframework.boot.test.mock.mockito.ResetMocksTestExecutionListener, org.springframework.test.context.web.ServletTestExecutionListener, org.springframework.test.context.support.DirtiesContextBeforeModesTestExecutionListener, org.springframework.test.context.event.ApplicationEventsTestExecutionListener, org.springframework.test.context.support.DependencyInjectionTestExecutionListener, org.springframework.test.context.support.DirtiesContextTestExecutionListener, org.springframework.test.context.transaction.TransactionalTestExecutionListener, org.springframework.test.context.jdbc.SqlScriptsTestExecutionListener, org.springframework.test.context.event.EventPublishingTestExecutionListener]
2022-08-09 16:05:40.777  INFO 72414 --- [    Test worker] .b.t.c.SpringBootTestContextBootstrapper : Using TestExecutionListeners: [org.springframework.test.context.web.ServletTestExecutionListener@25138679, org.springframework.test.context.support.DirtiesContextBeforeModesTestExecutionListener@516c421c, org.springframework.test.context.event.ApplicationEventsTestExecutionListener@4b8b07d3, org.springframework.boot.test.mock.mockito.MockitoTestExecutionListener@66b44ffe, org.springframework.boot.test.autoconfigure.SpringBootDependencyInjectionTestExecutionListener@5fad3d1f, org.springframework.test.context.support.DirtiesContextTestExecutionListener@6ce2f854, org.springframework.test.context.transaction.TransactionalTestExecutionListener@7fc4cf84, org.springframework.test.context.jdbc.SqlScriptsTestExecutionListener@3b4bb43d, org.springframework.test.context.event.EventPublishingTestExecutionListener@db8338e, org.springframework.boot.test.autoconfigure.restdocs.RestDocsTestExecutionListener@76635a35, org.springframework.boot.test.autoconfigure.web.client.MockRestServiceServerResetTestExecutionListener@2f820392, org.springframework.boot.test.autoconfigure.web.servlet.MockMvcPrintOnlyOnFailureTestExecutionListener@490eb003, org.springframework.boot.test.autoconfigure.web.servlet.WebDriverTestExecutionListener@566deef, org.springframework.boot.test.autoconfigure.webservices.client.MockWebServiceServerTestExecutionListener@69b89e84, org.springframework.boot.test.mock.mockito.ResetMocksTestExecutionListener@56199eb2]

  .   ____          _            __ _ _
 /\\ / ___'_ __ _ _(_)_ __  __ _ \ \ \ \
( ( )\___ | '_ | '_| | '_ \/ _` | \ \ \ \
 \\/  ___)| |_)| | | | | || (_| |  ) ) ) )
  '  |____| .__|_| |_|_| |_\__, | / / / /
 =========|_|==============|___/=/_/_/_/
 :: Spring Boot ::                (v2.6.6)

2022-08-09 16:05:40.814  INFO 72414 --- [    Test worker] w.shoppingcart.ui.OrderControllerTest    : Starting OrderControllerTest using Java 15.0.7 on bagseeun-ui-MacBookPro.local with PID 72414 (started by parkseeun in /Users/parkseeun/Develop/woowacourse/level-3/sonar-cloud)
2022-08-09 16:05:40.814  INFO 72414 --- [    Test worker] w.shoppingcart.ui.OrderControllerTest    : No active profile set, falling back to 1 default profile: "default"
2022-08-09 16:05:41.224  INFO 72414 --- [    Test worker] com.zaxxer.hikari.HikariDataSource       : HikariPool-8 - Starting...
2022-08-09 16:05:41.232  INFO 72414 --- [    Test worker] com.zaxxer.hikari.HikariDataSource       : HikariPool-8 - Start completed.
2022-08-09 16:05:41.628  INFO 72414 --- [    Test worker] o.s.b.t.m.w.SpringBootMockServletContext : Initializing Spring TestDispatcherServlet ''
2022-08-09 16:05:41.629  INFO 72414 --- [    Test worker] o.s.t.web.servlet.TestDispatcherServlet  : Initializing Servlet ''
2022-08-09 16:05:41.629  INFO 72414 --- [    Test worker] o.s.t.web.servlet.TestDispatcherServlet  : Completed initialization in 0 ms
2022-08-09 16:05:41.638  INFO 72414 --- [    Test worker] w.shoppingcart.ui.OrderControllerTest    : Started OrderControllerTest in 0.859 seconds (JVM running for 21.994)

MockHttpServletRequest:
      HTTP Method = GET
      Request URI = /api/customer/orders/
       Parameters = {}
          Headers = [Content-Type:"application/json;charset=UTF-8", Authorization:"Bearer eyJhbGciOiJIUzUxMiJ9.eyJpZCI6IjEiLCJpYXQiOjE2NjAwMjg3NDEsImV4cCI6MTY2MDAzMjM0MX0.pU5Sgfy4-fBsL8cL1POj7vnMlesXQrsKasxEVTEikwcMIiQo_F7rO-9dYKjk8BFfotL1HJRxt09kOwyMFeI4Gw"]
             Body = null
    Session Attrs = {}

Handler:
             Type = woowacourse.shoppingcart.ui.order.OrderController
           Method = woowacourse.shoppingcart.ui.order.OrderController#findOrders(Long)

Async:
    Async started = false
     Async result = null

Resolved Exception:
             Type = null

ModelAndView:
        View name = null
             View = null
            Model = null

FlashMap:
       Attributes = null

MockHttpServletResponse:
           Status = 200
    Error message = null
          Headers = [Vary:"Origin", "Access-Control-Request-Method", "Access-Control-Request-Headers", Content-Type:"application/json"]
     Content type = application/json
             Body = [{"totalPrice":1000,"id":1,"orderDetails":[{"productId":1,"quantity":2,"price":1000,"name":"banana","imageUrl":"imageUrl"}]},{"totalPrice":2000,"id":2,"orderDetails":[{"productId":2,"quantity":4,"price":2000,"name":"apple","imageUrl":"imageUrl2"}]}]
    Forwarded URL = null
   Redirected URL = null
          Cookies = []

MockHttpServletRequest:
      HTTP Method = POST
      Request URI = /api/customer/orders
       Parameters = {}
          Headers = [Content-Type:"application/json;charset=UTF-8", Authorization:"Bearer eyJhbGciOiJIUzUxMiJ9.eyJpZCI6IjEiLCJpYXQiOjE2NjAwMjg3NDEsImV4cCI6MTY2MDAzMjM0MX0.pU5Sgfy4-fBsL8cL1POj7vnMlesXQrsKasxEVTEikwcMIiQo_F7rO-9dYKjk8BFfotL1HJRxt09kOwyMFeI4Gw", Content-Length:"53"]
             Body = [{"cartId":1,"quantity":5},{"cartId":1,"quantity":5}]
    Session Attrs = {}

Handler:
             Type = woowacourse.shoppingcart.ui.order.OrderController
           Method = woowacourse.shoppingcart.ui.order.OrderController#save(Long, List)

Async:
    Async started = false
     Async result = null

Resolved Exception:
             Type = null

ModelAndView:
        View name = null
             View = null
            Model = null

FlashMap:
       Attributes = null

MockHttpServletResponse:
           Status = 201
    Error message = null
          Headers = [Vary:"Origin", "Access-Control-Request-Method", "Access-Control-Request-Headers", Location:"/api/orders/1"]
     Content type = null
             Body = 
    Forwarded URL = null
   Redirected URL = /api/orders/1
          Cookies = []

MockHttpServletRequest:
      HTTP Method = GET
      Request URI = /api/customer/orders/1
       Parameters = {}
          Headers = [Content-Type:"application/json;charset=UTF-8", Authorization:"Bearer eyJhbGciOiJIUzUxMiJ9.eyJpZCI6IjEiLCJpYXQiOjE2NjAwMjg3NDEsImV4cCI6MTY2MDAzMjM0MX0.pU5Sgfy4-fBsL8cL1POj7vnMlesXQrsKasxEVTEikwcMIiQo_F7rO-9dYKjk8BFfotL1HJRxt09kOwyMFeI4Gw"]
             Body = null
    Session Attrs = {}

Handler:
             Type = woowacourse.shoppingcart.ui.order.OrderController
           Method = woowacourse.shoppingcart.ui.order.OrderController#findOrder(Long, Long)

Async:
    Async started = false
     Async result = null

Resolved Exception:
             Type = null

ModelAndView:
        View name = null
             View = null
            Model = null

FlashMap:
       Attributes = null

MockHttpServletResponse:
           Status = 200
    Error message = null
          Headers = [Vary:"Origin", "Access-Control-Request-Method", "Access-Control-Request-Headers", Content-Type:"application/json"]
     Content type = application/json
             Body = {"totalPrice":1000,"id":1,"orderDetails":[{"productId":2,"quantity":2,"price":1000,"name":"banana","imageUrl":"imageUrl"}]}
    Forwarded URL = null
   Redirected URL = null
          Cookies = []
]]></system-out>
  <system-err><![CDATA[]]></system-err>
</testsuite>
