<?xml version="1.0" encoding="UTF-8"?>
<testsuite name="woowacourse.shoppingcart.domain.EmailTest" tests="7" skipped="0" failures="0" errors="0" timestamp="2022-08-09T07:06:08" hostname="bagseeun-ui-MacBookPro.local" time="0.028">
  <properties/>
  <testcase name="[1] value=asdasd@gmail.com" classname="woowacourse.shoppingcart.domain.EmailTest" time="0.016"/>
  <testcase name="[2] value=ae@be.de" classname="woowacourse.shoppingcart.domain.EmailTest" time="0.001"/>
  <testcase name="[3] value=123klay@naver.com" classname="woowacourse.shoppingcart.domain.EmailTest" time="0.0"/>
  <testcase name="[1] invalidEmailValue=" classname="woowacourse.shoppingcart.domain.EmailTest" time="0.001"/>
  <testcase name="[2] invalidEmailValue=asdasd" classname="woowacourse.shoppingcart.domain.EmailTest" time="0.0"/>
  <testcase name="[3] invalidEmailValue=asd@asd" classname="woowacourse.shoppingcart.domain.EmailTest" time="0.001"/>
  <testcase name="[4] invalidEmailValue=abc.com" classname="woowacourse.shoppingcart.domain.EmailTest" time="0.0"/>
  <system-out><![CDATA[]]></system-out>
  <system-err><![CDATA[]]></system-err>
</testsuite>
