<?xml version="1.0" encoding="UTF-8"?>
<testsuite name="woowacourse.shoppingcart.application.CartServiceTest" tests="7" skipped="0" failures="0" errors="0" timestamp="2022-08-09T07:06:06" hostname="bagseeun-ui-MacBookPro.local" time="0.077">
  <properties/>
  <testcase name="고객 id 에 해당하는 장바구니에서 상품 id 들에 해당하는 상품을 삭제한다." classname="woowacourse.shoppingcart.application.CartServiceTest" time="0.065"/>
  <testcase name="고객 id 에 해당하는 장바구니 상품들을 조회한다." classname="woowacourse.shoppingcart.application.CartServiceTest" time="0.004"/>
  <testcase name="장바구니 상품 삭제시 존재하지 않는 상품일 경우 예외를 던진다." classname="woowacourse.shoppingcart.application.CartServiceTest" time="0.001"/>
  <testcase name="장바구니 상품의 수량을 수정한다." classname="woowacourse.shoppingcart.application.CartServiceTest" time="0.001"/>
  <testcase name="장바구니에 상품을 담다." classname="woowacourse.shoppingcart.application.CartServiceTest" time="0.001"/>
  <testcase name="장바구니 상품 수량 수정시 존재하지 않는 장바구니 상품이면 예외를 던진다." classname="woowacourse.shoppingcart.application.CartServiceTest" time="0.001"/>
  <testcase name="장바구니에 상품을 담믈 때 고객이나 상품이 존재하지 않을 경우 예외를 던진다." classname="woowacourse.shoppingcart.application.CartServiceTest" time="0.002"/>
  <system-out><![CDATA[]]></system-out>
  <system-err><![CDATA[]]></system-err>
</testsuite>
