<?xml version="1.0" encoding="UTF-8"?>
<testsuite name="woowacourse.shoppingcart.domain.CustomerTest" tests="4" skipped="0" failures="0" errors="0" timestamp="2022-08-09T07:06:08" hostname="bagseeun-ui-MacBookPro.local" time="0.253">
  <properties/>
  <testcase name="[1] password=12345678, expected=true" classname="woowacourse.shoppingcart.domain.CustomerTest" time="0.084"/>
  <testcase name="[2] password=1312321312323, expected=false" classname="woowacourse.shoppingcart.domain.CustomerTest" time="0.084"/>
  <testcase name="이름을 변경한다." classname="woowacourse.shoppingcart.domain.CustomerTest" time="0.0"/>
  <testcase name="비밀번호를 변경한다." classname="woowacourse.shoppingcart.domain.CustomerTest" time="0.084"/>
  <system-out><![CDATA[]]></system-out>
  <system-err><![CDATA[]]></system-err>
</testsuite>
